============= 2024-04-20T04:44:16.081Z GET / 404 139 - 7.012 ms 



============= 2024-04-20T04:44:32.627Z GET /getProduct 404 149 - 1.802 ms 



============= 2024-04-20T04:44:40.690Z GET /product 200 6848 - 489.227 ms 



============= 2024-04-20T04:44:42.495Z GET /favicon.ico 404 150 - 2.333 ms 



============= 2024-04-20T04:44:50.945Z POST /login   -  ms 



============= 2024-04-20T04:48:48.530Z GET /product 200 6848 - 174.210 ms 



============= 2024-04-20T04:49:05.660Z GET /product 200 6848 - 34.616 ms 



============= 2024-04-20T04:54:38.774Z POST /login   -  ms 



============= 2024-04-20T04:56:34.565Z POST /login   -  ms 



============= 2024-04-20T04:58:17.866Z POST /login   -  ms 



============= 2024-04-20T05:04:29.070Z POST /login   -  ms 



============= 2024-04-20T05:31:47.106Z POST /login   -  ms 



============= 2024-04-20T05:57:16.904Z POST /login   -  ms 



============= 2024-04-20T06:24:18.020Z POST /login 500 1076 - 18.708 ms 



============= 2024-04-20T06:24:29.873Z POST /login 500 1076 - 2.799 ms 



============= 2024-04-20T06:55:49.963Z POST /login 200 60 - 206.127 ms 



============= 2024-04-20T06:56:00.935Z POST /login 200 51 - 64.356 ms 



============= 2024-04-20T06:56:09.677Z POST /login 200 60 - 78.134 ms 



============= 2024-04-20T06:56:29.357Z POST /login 200 51 - 74.602 ms 



============= 2024-04-20T07:05:28.392Z POST /login 200 247 - 210.611 ms 



============= 2024-04-20T07:06:48.793Z POST /login 200 260 - 242.996 ms 



============= 2024-04-20T07:15:52.535Z POST /login 200 308 - 349.813 ms 



============= 2024-04-20T15:32:26.950Z POST /login 200 61 - 117.498 ms 



============= 2024-04-20T15:33:37.666Z POST /login 200 61 - 147.017 ms 



============= 2024-04-20T15:35:49.406Z POST /login 200 61 - 145.553 ms 



============= 2024-04-20T15:36:47.376Z POST /login 200 61 - 32.410 ms 



============= 2024-04-20T15:36:54.757Z POST /login 200 61 - 37.943 ms 



============= 2024-04-20T15:37:02.505Z POST /login 200 61 - 32.840 ms 



============= 2024-04-20T15:37:23.983Z POST /login 200 61 - 38.412 ms 



============= 2024-04-20T15:38:30.809Z POST /login 200 61 - 21.284 ms 



============= 2024-04-20T15:38:43.994Z POST /login 200 61 - 24.166 ms 



============= 2024-04-20T15:39:01.677Z POST /login 200 61 - 23.790 ms 



============= 2024-04-20T15:40:55.249Z POST /login 200 61 - 113.948 ms 



============= 2024-04-20T15:41:04.514Z POST /login 200 61 - 6.428 ms 



============= 2024-04-20T15:41:40.669Z POST /login 200 61 - 133.955 ms 



============= 2024-04-20T15:43:08.150Z POST /login 200 61 - 128.770 ms 



============= 2024-04-20T15:44:22.066Z POST /login 200 61 - 166.863 ms 



============= 2024-04-20T15:44:48.102Z POST /login 200 61 - 211.965 ms 



============= 2024-04-20T15:46:18.295Z POST /login 200 61 - 171.797 ms 



============= 2024-04-20T15:46:38.802Z POST /login 200 61 - 167.636 ms 



============= 2024-04-20T15:53:14.828Z POST /login 200 61 - 142.877 ms 



============= 2024-04-20T15:53:37.986Z POST /login 200 61 - 36.210 ms 



============= 2024-04-20T15:53:52.263Z POST /login 200 61 - 158.501 ms 



============= 2024-04-20T15:55:08.536Z POST /login 200 61 - 138.612 ms 



============= 2024-04-20T15:56:53.837Z POST /login 200 61 - 142.831 ms 



============= 2024-04-20T15:57:56.362Z POST /login 200 61 - 138.037 ms 



============= 2024-04-20T15:58:29.670Z POST /login 200 61 - 165.495 ms 



============= 2024-04-20T16:03:56.345Z POST /login 200 61 - 343.712 ms 



============= 2024-04-20T16:04:07.696Z POST /login 200 61 - 140.558 ms 



============= 2024-04-20T16:04:19.526Z POST /login 200 61 - 309.979 ms 



============= 2024-04-20T16:04:49.545Z POST /login 200 61 - 496.947 ms 



============= 2024-04-20T16:05:40.516Z POST /login 200 61 - 324.397 ms 



============= 2024-04-20T16:06:54.450Z POST /login 200 61 - 281.139 ms 



============= 2024-04-20T16:07:27.194Z POST /login 200 294 - 310.293 ms 



============= 2024-04-20T16:50:45.195Z GET /product 200 6848 - 71.331 ms 



============= 2024-04-20T16:51:06.705Z GET /product 200 6848 - 14.782 ms 



============= 2024-04-20T16:51:13.815Z GET /product 200 6848 - 4.518 ms 



============= 2024-04-20T16:51:24.224Z GET /product 200 6848 - 116.702 ms 



============= 2024-04-20T16:51:31.417Z GET /product 200 6848 - 5.540 ms 



============= 2024-04-20T16:52:20.080Z GET /product/get-product 404 158 - 2.341 ms 



============= 2024-04-20T16:52:26.639Z GET /product/get-product 200 6848 - 142.711 ms 



============= 2024-04-20T17:07:44.369Z GET /product/get-product 500 1081 - 6.442 ms 



============= 2024-04-20T17:08:00.629Z GET /product/get-product 500 1077 - 4.135 ms 



============= 2024-04-20T17:08:27.966Z GET /product/get-product 500 1081 - 4.751 ms 



============= 2024-04-20T17:08:50.088Z GET /product/get-product 200 6848 - 160.291 ms 



============= 2024-04-20T17:09:27.748Z GET /product/get-product 200 6848 - 43.392 ms 



============= 2024-04-20T17:10:12.445Z GET /product/get-product 200 6848 - 150.984 ms 



============= 2024-04-20T17:10:47.899Z GET /product/get-product 200 6848 - 181.049 ms 



============= 2024-04-20T17:11:01.286Z GET /product/get-product 200 6848 - 61.490 ms 



============= 2024-04-20T17:13:45.523Z GET /product/get-product 200 6848 - 146.289 ms 



============= 2024-04-20T17:14:20.895Z GET /product/get-product 200 6848 - 144.831 ms 



============= 2024-04-20T17:14:35.336Z GET /product/get-product 200 6848 - 58.219 ms 



============= 2024-04-20T17:14:46.006Z GET /product/get-product 200 6848 - 44.206 ms 



============= 2024-04-20T17:15:57.619Z GET /product/get-product 200 6848 - 137.180 ms 



============= 2024-04-20T17:17:16.062Z GET /product/get-product 200 6848 - 133.371 ms 



============= 2024-04-20T17:18:42.832Z POST /login 200 294 - 54.828 ms 



============= 2024-04-20T17:19:16.342Z GET /product/get-product 200 6848 - 37.813 ms 



============= 2024-04-20T17:19:29.120Z GET /product/get-product 200 6848 - 64.215 ms 



============= 2024-04-20T17:20:27.569Z GET /product/get-product 200 6848 - 136.637 ms 



============= 2024-04-20T17:20:45.033Z GET /product/get-product 200 6848 - 137.655 ms 



============= 2024-04-20T17:22:00.733Z GET /product/get-product 200 6848 - 148.087 ms 



============= 2024-04-20T17:23:46.624Z GET /product/get-product 200 6848 - 52.440 ms 



============= 2024-04-20T17:24:25.925Z GET /product/get-product 200 6848 - 48.623 ms 



============= 2024-04-20T17:24:45.255Z GET /product/get-product 200 6848 - 262.938 ms 



============= 2024-04-20T17:24:55.208Z GET /product/get-product 200 6848 - 117.008 ms 



============= 2024-04-20T17:26:12.827Z GET /product/get-product 200 6848 - 112.572 ms 



============= 2024-04-20T17:26:55.139Z GET /product/get-product 404 158 - 3.512 ms 



============= 2024-04-20T17:27:00.910Z GET /product/getProduct 200 6848 - 210.841 ms 



============= 2024-04-20T17:27:12.445Z GET /product/getProduct 200 6848 - 109.132 ms 



============= 2024-04-20T17:27:57.965Z GET /product/get-product 200 6848 - 214.087 ms 



============= 2024-04-20T17:29:45.894Z GET /product/get-product 200 6848 - 214.383 ms 



============= 2024-04-20T17:30:24.077Z GET /product/get-product 200 6848 - 187.681 ms 



============= 2024-04-20T17:31:24.910Z GET /product/get-product 200 318 - 113.814 ms 



============= 2024-04-20T17:46:25.786Z GET /product/get-product 200 4630 - 147.952 ms 



============= 2024-04-20T17:50:50.790Z GET /category/get-category 404 160 - 3.539 ms 



============= 2024-04-20T17:51:20.098Z GET /category/get-category 200 216 - 130.081 ms 



============= 2024-04-20T17:51:39.208Z GET /category/get-category 200 44 - 38.774 ms 



============= 2024-04-20T17:51:58.932Z GET /category/get-category 200 43 - 36.679 ms 



