============= 2024-04-26T09:24:36.437Z POST /cart/order-from-cart 200 50 - 12.600 ms 



============= 2024-04-26T09:24:52.355Z POST /cart/order-from-cart 404 160 - 20.435 ms 



============= 2024-04-26T09:25:36.591Z POST /cart/order-from-cart 404 160 - 16.353 ms 



============= 2024-04-26T09:25:41.673Z POST /cart/order-from-cart 404 160 - 4.556 ms 



============= 2024-04-26T09:27:42.100Z POST /cart/order-from-cart 404 160 - 17.583 ms 



============= 2024-04-26T09:28:15.847Z POST /cart/order-from-cart 404 160 - 16.189 ms 



============= 2024-04-26T09:30:10.391Z POST /cart/order-from-cart 404 160 - 19.652 ms 



============= 2024-04-26T09:34:34.252Z POST /cart/order-from-cart 404 160 - 26.696 ms 



============= 2024-04-26T09:34:40.724Z POST /login 200 327 - 429.703 ms 



============= 2024-04-26T09:35:28.754Z POST /cart/order-from-cart 404 160 - 4.551 ms 



============= 2024-04-26T09:36:32.445Z POST /cart/order-from-cart 404 160 - 26.880 ms 



============= 2024-04-26T09:37:58.713Z POST /cart/order-from-cart 404 160 - 16.134 ms 



============= 2024-04-26T09:38:21.319Z POST /cart/order-from-cart 404 160 - 16.015 ms 



============= 2024-04-26T09:39:19.642Z POST /cart/order-from-cart 404 160 - 15.201 ms 



============= 2024-04-26T09:39:44.080Z POST /cart/order-from-cart 404 160 - 17.813 ms 



============= 2024-04-26T09:40:18.622Z POST /order/order-from-cart 200 41 - 7.389 ms 



============= 2024-04-26T09:44:44.488Z POST /order/order-from-cart 200 41 - 1.550 ms 



============= 2024-04-26T09:44:55.212Z POST /order/order-from-cart 500 1070 - 18.774 ms 



============= 2024-04-26T14:19:03.955Z POST /order/order-from-cart 200 91 - 8.367 ms 



============= 2024-04-26T14:20:02.291Z POST /order/order-from-cart 200 91 - 2.187 ms 



============= 2024-04-26T14:20:17.975Z POST /order/order-from-cart 200 91 - 1.777 ms 



============= 2024-04-26T14:20:47.711Z POST /order/order-from-cart 200 91 - 13.988 ms 



============= 2024-04-26T14:21:02.234Z POST /order/order-from-cart 200 91 - 5.373 ms 



============= 2024-04-26T14:21:22.606Z POST /order/order-from-cart 200 91 - 8.123 ms 



============= 2024-04-26T14:21:32.029Z POST /order/order-from-cart 200 91 - 9.544 ms 



============= 2024-04-26T14:21:57.463Z POST /order/order-from-cart 500 1043 - 9.096 ms 



============= 2024-04-26T14:22:40.568Z POST /order/order-from-cart 500 1045 - 10.074 ms 



============= 2024-04-26T14:23:31.744Z POST /order/order-from-cart 500 1044 - 10.844 ms 



============= 2024-04-26T14:23:44.064Z POST /order/order-from-cart 200 41 - 9.561 ms 



============= 2024-04-26T14:24:41.592Z POST /order/order-from-cart 200 41 - 7.945 ms 



============= 2024-04-26T14:25:01.697Z POST /order/order-from-cart 200 41 - 7.224 ms 



============= 2024-04-26T14:25:45.885Z POST /order/order-from-cart 200 41 - 18.036 ms 



============= 2024-04-26T14:26:49.700Z POST /order/order-from-cart 500 1060 - 9.328 ms 



============= 2024-04-26T14:27:04.437Z POST /order/order-from-cart 200 41 - 7.980 ms 



============= 2024-04-26T14:33:11.404Z POST /order/order-from-cart 200 41 - 7.620 ms 



============= 2024-04-26T14:33:41.442Z POST /order/order-from-cart 200 41 - 2.728 ms 



============= 2024-04-26T14:37:20.173Z POST /order/order-from-cart 200 71 - 7.830 ms 



============= 2024-04-26T14:37:25.068Z POST /order/order-from-cart 200 71 - 3.217 ms 



============= 2024-04-26T14:37:36.748Z POST /order/order-from-cart 200 71 - 1.979 ms 



============= 2024-04-26T14:38:38.195Z POST /order/order-from-cart 200 71 - 7.334 ms 



============= 2024-04-26T14:39:37.226Z POST /order/order-from-cart 200 41 - 9.012 ms 



============= 2024-04-26T14:39:49.791Z POST /order/order-from-cart 200 41 - 3.903 ms 



============= 2024-04-26T14:40:51.284Z POST /order/order-from-cart 200 71 - 8.151 ms 



============= 2024-04-26T14:56:09.745Z POST /order/order-from-cart 200 71 - 12.047 ms 



============= 2024-04-26T16:14:36.062Z POST /cart/add-to-cart 200 50 - 3.308 ms 



============= 2024-04-26T16:18:02.805Z POST /cart/add-to-cart 200 91 - 5.409 ms 



============= 2024-04-26T16:21:07.666Z POST /cart/add-to-cart 200 178 - 128.946 ms 



============= 2024-04-26T16:57:33.706Z POST /cart/add-to-cart 200 178 - 126.004 ms 



============= 2024-04-26T16:58:47.471Z POST /cart/add-to-cart 200 44 - 56.239 ms 



============= 2024-04-26T17:44:04.323Z POST /cart/add-to-cart 200 44 - 75.994 ms 



============= 2024-04-26T17:44:10.857Z POST /cart/add-to-cart 200 44 - 48.266 ms 



============= 2024-04-26T17:44:16.787Z POST /cart/add-to-cart 200 44 - 56.142 ms 



============= 2024-04-26T18:18:43.161Z DELETE /cart/delete-cart-item 200 93 - 54.381 ms 



============= 2024-04-26T18:20:26.184Z DELETE /cart/delete-cart-item 200 44 - 127.468 ms 



============= 2024-04-26T18:20:52.170Z POST /order/order-from-cart 500 1041 - 5.410 ms 



============= 2024-04-26T18:22:13.637Z POST /order/order-from-cart 200 41 - 6.959 ms 



============= 2024-04-26T18:23:32.648Z POST /order/order-from-cart 200 106 - 130.891 ms 



============= 2024-04-26T18:26:53.700Z POST /order/order-from-cart 200 44 - 180.519 ms 



============= 2024-04-26T18:39:24.705Z POST /order/order-from-cart 200 66 - 80.471 ms 



============= 2024-04-26T18:40:27.375Z POST /order/order-from-cart 200 45 - 89.808 ms 



============= 2024-04-26T18:40:49.895Z POST /order/order-from-cart 200 45 - 69.336 ms 



============= 2024-04-26T18:41:33.486Z POST /order/order-from-cart 200 57 - 159.875 ms 



============= 2024-04-26T18:42:04.040Z POST /order/order-from-cart 200 57 - 127.263 ms 



============= 2024-04-26T18:42:39.758Z POST /order/order-from-cart 200 57 - 164.547 ms 



============= 2024-04-26T18:44:50.322Z POST /order/order-from-cart 200 45 - 166.381 ms 



============= 2024-04-26T18:45:01.977Z POST /order/order-from-cart 200 57 - 122.094 ms 



