============= 2024-04-21T07:24:46.460Z POST /login 200 306 - 157.580 ms 



============= 2024-04-21T07:29:26.445Z POST /login 200 306 - 135.053 ms 



============= 2024-04-21T07:37:01.591Z POST /login 200 306 - 132.084 ms 



============= 2024-04-21T07:52:19.921Z GET /cart/get-cart-items 500 1114 - 3.066 ms 



============= 2024-04-21T07:52:55.483Z POST /login 200 306 - 135.597 ms 



============= 2024-04-21T07:53:14.099Z POST /login 200 306 - 39.399 ms 



============= 2024-04-21T07:54:06.880Z GET /cart/get-cart-items 500 1114 - 0.678 ms 



============= 2024-04-21T07:55:45.558Z GET /cart/get-cart-items 500 1114 - 0.576 ms 



============= 2024-04-21T07:57:11.644Z POST /login 200 306 - 137.010 ms 



============= 2024-04-21T07:57:29.964Z GET /cart/get-cart-items 500 1114 - 1.896 ms 



============= 2024-04-21T08:00:49.330Z GET /cart/get-cart-items 500 1114 - 4.521 ms 



============= 2024-04-21T08:01:11.313Z GET /cart/get-cart-items 500 1114 - 3.023 ms 



============= 2024-04-21T08:01:15.752Z POST /login 200 306 - 141.447 ms 



============= 2024-04-21T08:01:35.926Z GET /cart/get-cart-items 500 1114 - 0.702 ms 



============= 2024-04-21T08:02:11.158Z GET /cart/get-cart-items 500 1114 - 0.472 ms 



============= 2024-04-21T08:03:11.665Z GET /cart/get-cart-items 500 1114 - 4.517 ms 



============= 2024-04-21T08:03:30.842Z GET /cart/get-cart-items 500 1094 - 3.192 ms 



============= 2024-04-21T08:04:18.475Z GET /cart/get-cart-items 500 1114 - 6.395 ms 



============= 2024-04-21T08:04:30.225Z GET /cart/get-cart-items 500 1114 - 3.667 ms 



============= 2024-04-21T08:06:35.185Z GET /cart/get-cart-items 500 1113 - 3.799 ms 



============= 2024-04-21T08:07:22.721Z GET /cart/get-cart-items 500 1113 - 4.401 ms 



============= 2024-04-21T08:09:09.653Z GET /cart/get-cart-items 500 1113 - 4.266 ms 



============= 2024-04-21T08:09:23.267Z GET /cart/get-cart-items 500 1113 - 4.934 ms 



============= 2024-04-21T14:39:54.121Z GET /cart/get-cart-items 200 50 - 20.119 ms 



============= 2024-04-21T14:41:40.137Z GET /cart/get-cart-items 200 50 - 17.514 ms 



============= 2024-04-21T14:42:21.762Z GET /cart/get-cart-items 200 50 - 19.637 ms 



============= 2024-04-21T14:42:40.076Z POST /login 200 306 - 285.945 ms 



============= 2024-04-21T14:42:52.498Z GET /cart/get-cart-items 200 50 - 4.125 ms 



============= 2024-04-21T14:43:11.053Z GET /cart/get-cart-items 200 50 - 12.272 ms 



============= 2024-04-21T14:43:31.264Z GET /cart/get-cart-items 200 50 - 40.458 ms 



============= 2024-04-21T14:43:44.331Z GET /cart/get-cart-items 200 50 - 12.019 ms 



============= 2024-04-21T14:44:17.794Z GET /category/get-category 200 43 - 233.296 ms 



============= 2024-04-21T14:44:59.640Z GET /cart/get-cart-items 200 50 - 23.862 ms 



============= 2024-04-21T14:47:10.502Z GET /cart/get-cart-items 200 50 - 10.218 ms 



============= 2024-04-21T14:47:43.599Z GET /cart/get-cart-items 200 50 - 14.357 ms 



============= 2024-04-21T14:48:05.150Z GET /cart/get-cart-items 200 50 - 14.851 ms 



============= 2024-04-21T14:48:28.942Z GET /cart/get-cart-items 200 50 - 17.932 ms 



============= 2024-04-21T14:48:50.621Z GET /cart/get-cart-items 200 50 - 80.203 ms 



============= 2024-04-21T14:49:04.874Z GET /cart/get-cart-items 200 50 - 19.821 ms 



============= 2024-04-21T14:49:43.636Z GET /cart/get-cart-items 200 50 - 18.255 ms 



============= 2024-04-21T14:50:02.673Z GET /cart/get-cart-items 200 50 - 34.105 ms 



============= 2024-04-21T14:51:05.565Z GET /cart/get-cart-items 200 2 - 269.388 ms 



============= 2024-04-22T01:04:02.536Z GET /admin-login 404 150 - 7.281 ms 



============= 2024-04-22T01:04:35.372Z GET /admin-login 404 150 - 0.778 ms 



============= 2024-04-22T01:04:44.117Z POST /admin-login 404 151 - 0.370 ms 



============= 2024-04-22T01:04:49.284Z POST /admin-login 404 151 - 0.592 ms 



