============= 2024-05-01T03:36:57.105Z GET /common/get-common-type 200 573 - 136.393 ms 



============= 2024-05-01T03:38:38.143Z POST /voucher/add-voucher 200 50 - 0.800 ms 



============= 2024-05-01T03:39:26.641Z GET /common/get-common-type 200 573 - 122.362 ms 



============= 2024-05-01T03:40:08.150Z POST /voucher/add-voucher 200 50 - 1.340 ms 



============= 2024-05-01T03:40:16.565Z POST /voucher/add-voucher 200 50 - 10.650 ms 



============= 2024-05-01T03:40:41.857Z POST /admin-login 200 319 - 74.638 ms 



============= 2024-05-01T03:40:59.131Z POST /voucher/add-voucher 200 101 - 2.410 ms 



============= 2024-05-01T06:18:51.784Z POST /voucher/add-voucher 200 93 - 15.153 ms 



============= 2024-05-01T06:19:46.604Z POST /voucher/add-voucher 200 44 - 276.794 ms 



============= 2024-05-01T06:20:47.306Z POST /voucher/add-voucher 200 44 - 96.359 ms 



============= 2024-05-01T06:56:36.268Z POST /voucher/add-voucher 200 44 - 83.031 ms 



============= 2024-05-01T06:56:57.660Z GET /voucher/get-voucher 200 537 - 87.385 ms 



============= 2024-05-01T07:02:49.180Z GET /voucher/get-voucher 200 603 - 147.226 ms 



============= 2024-05-01T07:25:26.652Z GET /voucher/get-voucher 200 603 - 127.313 ms 



============= 2024-05-01T07:25:34.732Z GET /voucher/get-voucher 200 2 - 68.043 ms 



============= 2024-05-01T07:26:10.964Z GET /voucher/get-voucher 200 297 - 77.275 ms 



============= 2024-05-01T13:57:31.242Z POST /login 200 327 - 132.080 ms 



============= 2024-05-01T13:58:45.388Z GET /cart/get-cart-items 200 2 - 90.193 ms 



============= 2024-05-01T13:58:53.047Z POST /cart/add-to-cart 200 44 - 95.282 ms 



============= 2024-05-01T13:58:57.942Z POST /cart/add-to-cart 200 75 - 59.654 ms 



============= 2024-05-01T13:59:22.958Z POST /cart/add-to-cart 200 44 - 83.956 ms 



============= 2024-05-01T13:59:34.569Z GET /cart/get-cart-items 200 491 - 126.393 ms 



============= 2024-05-01T13:59:59.453Z GET /cart/get-cart-items 200 491 - 70.474 ms 



============= 2024-05-01T14:01:22.426Z POST /cart/add-to-cart 200 44 - 346.928 ms 



============= 2024-05-01T14:01:29.653Z GET /cart/get-cart-items 200 712 - 154.256 ms 



============= 2024-05-01T14:03:42.528Z DELETE /cart/delete-cart-item 200 52 - 111.268 ms 



============= 2024-05-01T14:07:48.601Z DELETE /cart/delete-cart-item 200 74 - 8.836 ms 



============= 2024-05-01T14:08:17.859Z DELETE /cart/delete-cart-item 200 44 - 358.008 ms 



============= 2024-05-01T14:08:28.931Z GET /cart/get-cart-items 200 491 - 99.563 ms 



============= 2024-05-01T14:08:42.167Z POST /cart/add-to-cart 200 44 - 109.520 ms 



============= 2024-05-01T14:08:47.347Z GET /cart/get-cart-items 200 491 - 67.372 ms 



============= 2024-05-01T14:23:20.449Z GET /cart/get-cart-items 200 491 - 231.710 ms 



============= 2024-05-01T14:23:33.466Z POST /order/order-from-cart 200 44 - 314.862 ms 



============= 2024-05-01T14:27:29.711Z POST /cart/add-to-cart 200 44 - 111.178 ms 



============= 2024-05-01T14:27:34.484Z POST /cart/add-to-cart 200 44 - 65.638 ms 



============= 2024-05-01T14:27:46.260Z GET /cart/get-cart-items 200 467 - 70.752 ms 



============= 2024-05-01T14:28:03.127Z POST /order/order-from-cart 200 44 - 274.046 ms 



============= 2024-05-01T14:47:16.488Z POST /cart/add-to-cart 200 44 - 58.712 ms 



============= 2024-05-01T14:47:22.222Z POST /cart/add-to-cart 200 44 - 53.956 ms 



============= 2024-05-01T14:47:26.448Z POST /cart/add-to-cart 200 44 - 48.272 ms 



============= 2024-05-01T14:47:29.511Z GET /cart/get-cart-items 200 467 - 36.955 ms 



============= 2024-05-01T14:47:42.501Z POST /order/order-from-cart 200 44 - 95.769 ms 



============= 2024-05-01T14:51:09.939Z POST /cart/add-to-cart 200 44 - 47.955 ms 



============= 2024-05-01T14:53:36.740Z POST /order/order-quickly 200 44 - 57.213 ms 



============= 2024-05-01T14:54:17.231Z GET /voucher/get-voucher 200 297 - 62.901 ms 



============= 2024-05-01T14:58:29.184Z GET /product/get-product 200 4629 - 51.156 ms 



============= 2024-05-01T15:00:18.676Z GET /voucher/get-voucher 200 307 - 43.577 ms 



============= 2024-05-01T15:00:48.429Z POST /order/order-quickly 200 44 - 70.061 ms 



============= 2024-05-01T15:04:47.222Z GET /voucher/get-voucher 200 307 - 44.177 ms 



============= 2024-05-01T15:04:54.036Z POST /order/order-quickly 200 44 - 78.705 ms 



============= 2024-05-01T15:09:46.363Z POST /order/order-quickly 200 44 - 78.130 ms 



============= 2024-05-01T15:10:40.048Z POST /order/order-quickly 200 44 - 67.230 ms 



============= 2024-05-01T15:12:23.378Z GET /product/get-product 200 4630 - 57.210 ms 



============= 2024-05-01T15:13:24.339Z POST /cart/add-to-cart 200 44 - 53.486 ms 



============= 2024-05-01T15:13:28.877Z POST /cart/add-to-cart 200 44 - 41.917 ms 



============= 2024-05-01T15:13:38.035Z POST /cart/add-to-cart 200 44 - 35.045 ms 



============= 2024-05-01T15:13:50.684Z GET /cart/get-cart-items 200 966 - 43.422 ms 



============= 2024-05-01T15:14:22.200Z POST /order/order-from-cart 200 44 - 95.967 ms 



============= 2024-05-01T15:14:41.857Z POST /cart/add-to-cart 200 44 - 72.388 ms 



============= 2024-05-01T15:15:03.387Z POST /cart/add-to-cart 200 44 - 49.401 ms 



============= 2024-05-01T15:15:07.586Z POST /cart/add-to-cart 200 44 - 37.812 ms 



============= 2024-05-01T15:16:56.183Z POST /order/order-from-cart 200 44 - 96.616 ms 



============= 2024-05-01T15:19:30.571Z POST /order/order-quickly 200 44 - 65.646 ms 



============= 2024-05-01T15:20:29.077Z GET /voucher/get-voucher 200 2 - 38.842 ms 



============= 2024-05-01T15:20:38.840Z GET /voucher/get-voucher 200 603 - 49.738 ms 



============= 2024-05-01T15:30:44.321Z POST /order/order-quickly 200 44 - 159.433 ms 



============= 2024-05-01T15:42:32.663Z POST /order/order-quickly 200 66 - 56.008 ms 



============= 2024-05-01T15:45:00.370Z POST /order/order-quickly 200 66 - 57.705 ms 



============= 2024-05-01T16:20:59.995Z POST /order/order-quickly 200 78 - 41.950 ms 



============= 2024-05-01T16:21:16.146Z POST /order/order-quickly 200 78 - 37.758 ms 



============= 2024-05-01T16:21:20.777Z POST /order/order-quickly 200 78 - 50.036 ms 



============= 2024-05-01T16:47:05.882Z POST /order/order-quickly 200 78 - 58.265 ms 



============= 2024-05-01T16:47:16.577Z POST /order/order-quickly 200 44 - 53.161 ms 



============= 2024-05-01T16:47:43.262Z POST /cart/add-to-cart 200 44 - 54.387 ms 



============= 2024-05-01T16:47:47.105Z POST /cart/add-to-cart 200 44 - 48.892 ms 



============= 2024-05-01T16:47:50.834Z POST /cart/add-to-cart 200 44 - 63.545 ms 



============= 2024-05-01T16:48:51.417Z POST /order/order-from-cart 200 78 - 89.701 ms 



============= 2024-05-01T16:49:10.215Z POST /order/order-from-cart 200 78 - 36.193 ms 



============= 2024-05-01T16:49:14.707Z POST /order/order-from-cart 200 78 - 37.731 ms 



============= 2024-05-01T16:49:20.346Z POST /order/order-from-cart 200 44 - 50.107 ms 



