============= 2024-04-14T01:03:38.032Z GET / 404 139 - 17.222 ms 



============= 2024-04-14T02:13:32.875Z GET / 404 139 - 12.603 ms 



============= 2024-04-14T02:13:39.827Z GET / 404 139 - 0.871 ms 



============= 2024-04-14T02:13:51.084Z GET / 404 139 - 5.761 ms 



============= 2024-04-14T02:14:05.042Z GET /product 404 146 - 1.198 ms 



============= 2024-04-14T02:14:09.732Z GET /product/1 500 1060 - 1.481 ms 



============= 2024-04-14T04:54:37.303Z GET / 404 139 - 5.683 ms 



============= 2024-04-14T04:54:50.804Z GET /product 404 146 - 1.961 ms 



============= 2024-04-14T04:54:58.276Z GET /1 404 140 - 0.771 ms 



============= 2024-04-14T04:55:56.683Z GET /product/1 200  - 204.840 ms 



============= 2024-04-14T04:55:57.940Z GET /favicon.ico 404 150 - 1.046 ms 



============= 2024-04-14T04:56:11.254Z GET /product/1 200  - 37.058 ms 



============= 2024-04-14T04:56:46.901Z GET /product/1 200  - 28.938 ms 



============= 2024-04-14T04:57:27.607Z GET /product/1 200  - 227.836 ms 



============= 2024-04-14T04:57:39.370Z GET /product/1 200  - 35.153 ms 



============= 2024-04-14T04:57:44.564Z GET /product/1 200  - 26.984 ms 



============= 2024-04-14T04:58:16.731Z GET /product/1 200  - 185.956 ms 



============= 2024-04-14T04:59:37.430Z GET /product/1 200  - 163.030 ms 



============= 2024-04-14T05:00:26.734Z GET /product/1 200 13906 - 269.360 ms 



============= 2024-04-14T05:45:02.526Z GET /product?code=%27SP0001%27 404 146 - 5.593 ms 



============= 2024-04-14T05:45:10.238Z GET /product?code=SP0001 404 146 - 0.855 ms 



============= 2024-04-14T05:45:42.743Z GET /product?code=SP0001 404 146 - 5.348 ms 



============= 2024-04-14T05:47:27.850Z GET /product?code=SP0001 404 146 - 6.377 ms 



============= 2024-04-14T05:47:54.928Z GET /product?code=SP0001 404 146 - 3.840 ms 



============= 2024-04-14T05:49:11.223Z GET /product?code=SP0001 404 146 - 4.425 ms 



============= 2024-04-14T05:49:52.811Z GET /product?code=SP0001 404 146 - 4.010 ms 



============= 2024-04-14T05:50:16.342Z GET /product?code=SP0001 404 146 - 6.650 ms 



============= 2024-04-14T05:51:19.575Z GET /product?code=SP0001 404 146 - 0.885 ms 



============= 2024-04-14T05:51:24.506Z GET /product?code=SP0001 200  - 126.128 ms 



============= 2024-04-14T05:52:38.908Z GET /product?code=SP0001 500 1080 - 4.849 ms 



============= 2024-04-14T05:54:23.328Z GET /product?code=SP0001 200  - 123.508 ms 



============= 2024-04-14T05:55:04.479Z GET /product?code=SP0001 200  - 129.796 ms 



============= 2024-04-14T05:56:58.882Z GET /product?code=SP0001 200  - 126.598 ms 



============= 2024-04-14T05:57:41.326Z GET /product?code=SP0001 200  - 141.189 ms 



============= 2024-04-14T05:58:07.688Z GET /product?code=SP0001 200  - 127.487 ms 



============= 2024-04-14T05:59:03.814Z GET /product?code=SP0001 200 4899 - 136.821 ms 



============= 2024-04-14T06:03:27.641Z GET /product?code=SP0001 200 3877 - 43.318 ms 



============= 2024-04-14T06:03:28.944Z GET /favicon.ico 404 150 - 2.997 ms 



============= 2024-04-14T06:06:47.028Z GET /product?code=SP0001 200 1908 - 135.513 ms 



============= 2024-04-14T06:07:18.312Z GET /product?code=SP0001 200 1957 - 41.720 ms 



============= 2024-04-14T06:07:27.404Z GET /product?id=8 200 282 - 7.061 ms 



============= 2024-04-14T06:07:35.829Z GET /product?id=8 304  - 7.673 ms 



============= 2024-04-14T06:07:38.358Z GET /product?id=1 200 2 - 8.042 ms 



============= 2024-04-14T06:08:07.164Z GET /product?id=&supplier=AD 200 6740 - 23.229 ms 



============= 2024-04-14T06:10:17.094Z GET /product?id=&supplier=AD 200 6768 - 139.373 ms 



============= 2024-04-14T06:12:30.333Z GET /product?id=&supplier=AD 200 2 - 39.261 ms 



============= 2024-04-14T06:12:45.426Z GET /product?id=&supplier=AD 304  - 6.888 ms 



============= 2024-04-14T06:12:57.383Z GET /product?id=&supplier=AD 304  - 119.758 ms 



============= 2024-04-14T06:20:09.656Z GET /product?id=&supplier=AD 304  - 138.199 ms 



============= 2024-04-14T06:23:40.484Z GET /product?id=&supplier=AD 304  - 132.440 ms 



============= 2024-04-14T06:23:58.987Z GET /product?id=&supplier=AD 304  - 128.569 ms 



============= 2024-04-14T06:25:51.420Z GET /product?id=&supplier=AD 200 3888 - 35.731 ms 



============= 2024-04-14T06:26:32.335Z GET /product?id=&supplier=AD 200 1904 - 35.356 ms 



============= 2024-04-14T06:26:56.183Z GET /product?id=&supplier=AD 200 2 - 15.340 ms 



============= 2024-04-14T06:30:10.833Z GET /product?id=&supplier=AD 200 2219 - 37.400 ms 



============= 2024-04-14T07:04:49.300Z GET /product?id=&supplier=AD 304  - 44.056 ms 



============= 2024-04-14T07:04:54.033Z GET /product?id=&supplier=NIKE 200 4630 - 8.031 ms 



============= 2024-04-14T07:04:58.691Z GET /product?id=&supplier=NIKE 304  - 7.670 ms 



============= 2024-04-14T07:05:07.599Z GET /product?id=&supplier=ni 200 4630 - 9.714 ms 



============= 2024-04-14T07:12:49.732Z GET /product?id=&supplier=ni 304  - 132.519 ms 



============= 2024-04-14T17:54:34.799Z GET / 404 139 - 9.670 ms 



============= 2024-04-14T17:54:38.901Z GET /product?id=&supplier=AD 304  - 156.865 ms 



============= 2024-04-14T17:54:39.538Z GET /favicon.ico 404 150 - 0.685 ms 



============= 2024-04-14T17:56:11.055Z GET /category 200 216 - 133.328 ms 



============= 2024-04-14T17:57:57.162Z GET /category 304  - 124.573 ms 



============= 2024-04-14T17:58:02.070Z GET /category?id=1 200 216 - 8.919 ms 



============= 2024-04-14T17:58:37.457Z GET /category?category=Men 200 216 - 36.318 ms 



============= 2024-04-14T17:59:02.154Z GET /category?category=Men 304  - 125.311 ms 



============= 2024-04-14T17:59:22.981Z GET /category?category=Men 304  - 132.472 ms 



============= 2024-04-14T18:02:03.304Z GET /category?category=Men 304  - 137.859 ms 



============= 2024-04-14T18:03:18.290Z GET /category?category=Men 200 85 - 131.492 ms 



============= 2024-04-14T18:03:25.264Z GET /category?id=3 200 42 - 8.033 ms 



