============= 2024-04-22T01:06:20.856Z POST /admin-login 200 299 - 410.834 ms 



============= 2024-04-22T01:06:34.264Z POST /admin-login 200 299 - 109.280 ms 



============= 2024-04-22T01:26:19.880Z PUT /cart/update-cart-item 500 1114 - 12.638 ms 



============= 2024-04-22T01:27:15.009Z PUT /cart/update-cart-item 401 12 - 4.901 ms 



============= 2024-04-22T01:28:20.634Z PUT /cart/update-cart-item 200 50 - 6.482 ms 



============= 2024-04-22T01:28:29.837Z POST /login 200 327 - 218.478 ms 



============= 2024-04-22T01:28:53.640Z PUT /cart/update-cart-item 404 160 - 7.989 ms 



============= 2024-04-22T01:29:41.946Z PUT /cart/update-cart-item 404 160 - 34.139 ms 



============= 2024-04-22T01:29:59.991Z PUT /cart/update-cart-item 404 160 - 27.689 ms 



============= 2024-04-22T01:30:12.782Z PUT /cart/update-cart-item 404 160 - 13.888 ms 



============= 2024-04-22T01:31:02.071Z PUT /cart/update-cart-item 404 160 - 16.661 ms 



============= 2024-04-22T01:31:24.121Z PUT /cart/update-cart-item 404 160 - 17.045 ms 



============= 2024-04-22T01:32:01.747Z PUT /cart/update-cart-item 404 160 - 15.017 ms 



============= 2024-04-22T01:32:26.357Z PUT /cart/update-cart-item 200 74 - 15.226 ms 



============= 2024-04-22T15:17:36.568Z DELETE /cart/delete-cart-item 200 74 - 23.145 ms 



============= 2024-04-22T15:18:03.167Z DELETE /cart/delete-cart-item 200 143 - 154.394 ms 



============= 2024-04-22T15:18:23.141Z DELETE /cart/delete-cart-item 200 75 - 128.014 ms 



============= 2024-04-22T15:42:46.179Z PUT /cart/update-category 200 50 - 2.714 ms 



============= 2024-04-22T15:42:57.113Z PUT /cart/update-category 404 159 - 9.367 ms 



============= 2024-04-22T15:48:16.347Z GET /category/get-category 200 43 - 142.244 ms 



============= 2024-04-22T15:48:29.716Z GET /category/get-category 200 43 - 123.703 ms 



============= 2024-04-22T15:49:55.632Z GET /category/get-category 200 43 - 208.507 ms 



============= 2024-04-22T15:56:44.021Z PUT /category/update-category 200 50 - 7.935 ms 



============= 2024-04-22T16:09:36.836Z PUT /product/update-product 200 50 - 2.625 ms 



============= 2024-04-22T16:09:44.079Z PUT /product/update-product 200 66 - 6.101 ms 



============= 2024-04-22T16:10:42.112Z PUT /product/update-product 200 50 - 1.853 ms 



============= 2024-04-22T16:11:04.398Z PUT /product/update-product 200 50 - 2.075 ms 



============= 2024-04-22T16:11:13.804Z PUT /product/update-product 200 66 - 1.982 ms 



============= 2024-04-22T16:11:45.040Z POST /admin-login 200 319 - 200.791 ms 



============= 2024-04-22T16:12:00.933Z PUT /product/update-product 200 52 - 59.602 ms 



============= 2024-04-22T16:12:13.252Z PUT /product/update-product 200 52 - 50.137 ms 



============= 2024-04-22T16:12:33.765Z PUT /product/update-product 200 52 - 141.158 ms 



============= 2024-04-22T16:13:22.036Z PUT /product/update-product 200 44 - 130.874 ms 



