============= 2024-04-29T06:10:59.856Z POST /order/order-quickly 200 50 - 13.784 ms 



============= 2024-04-29T06:11:15.650Z POST /order/order-quickly 200 50 - 8.127 ms 



============= 2024-04-29T06:11:29.357Z POST /order/order-quickly 200 50 - 3.930 ms 



============= 2024-04-29T06:11:50.834Z POST /order/order-quickly 200 44 - 440.006 ms 



============= 2024-04-29T09:43:22.906Z POST /order/order-quickly 200 44 - 372.762 ms 



============= 2024-04-29T09:44:20.303Z POST /order/order-quickly 200 44 - 183.325 ms 



============= 2024-04-29T09:44:50.544Z POST /order/order-quickly 200 175 - 115.244 ms 



============= 2024-04-29T09:44:57.350Z POST /order/order-quickly 200 44 - 113.629 ms 



============= 2024-04-29T09:45:20.833Z POST /cart/add-to-cart 200 44 - 102.953 ms 



============= 2024-04-29T09:45:25.987Z POST /cart/add-to-cart 200 44 - 79.722 ms 



============= 2024-04-29T09:45:49.532Z POST /order/order-from-cart 200 44 - 185.973 ms 



============= 2024-04-29T15:14:23.491Z GET /order/order-from-cart 200 50 - 10.230 ms 



============= 2024-04-29T15:14:30.176Z GET /order/get-order 200 50 - 1.560 ms 



============= 2024-04-29T15:15:58.140Z GET /order/get-order 404 154 - 12.574 ms 



============= 2024-04-29T15:16:46.107Z GET /order/get-order 404 154 - 13.992 ms 



============= 2024-04-29T15:21:01.349Z GET /order/get-order 200 128577 - 319.994 ms 



============= 2024-04-29T17:10:32.422Z GET /order/get-order-items 404 160 - 4.137 ms 



============= 2024-04-29T17:11:36.188Z GET /order/get-order-items 200 923 - 131.441 ms 



============= 2024-04-29T17:12:21.729Z GET /order/get-order-items 200 2003 - 128.318 ms 



============= 2024-04-29T17:12:24.381Z GET /order/get-order-items 200 2003 - 36.624 ms 



============= 2024-04-29T17:12:29.986Z GET /order/get-order-items 200 2003 - 44.664 ms 



============= 2024-04-29T17:12:57.248Z GET /order/get-orders 200 50 - 0.539 ms 



============= 2024-04-29T17:13:07.030Z GET /order/get-orders 200 923 - 53.930 ms 



============= 2024-04-29T17:13:15.213Z GET /order/get-order-items 200 2003 - 45.104 ms 



============= 2024-04-29T17:13:36.961Z GET /order/get-order-items 200 2003 - 135.812 ms 



============= 2024-04-29T17:14:06.452Z GET /order/get-order-items 200 2003 - 138.687 ms 



============= 2024-04-29T17:24:44.346Z GET /order/get-order-items 200 1963 - 52.161 ms 



============= 2024-04-29T17:46:37.363Z POST /order/cancel-order 200 50 - 3.836 ms 



============= 2024-04-29T17:46:48.410Z POST /order/cancel-order 200 64 - 4.024 ms 



============= 2024-04-29T17:47:15.399Z POST /order/cancel-order 200 73 - 120.248 ms 



============= 2024-04-29T17:47:45.246Z POST /order/cancel-order 200 106 - 53.771 ms 



