============= 2024-06-02T04:15:26.753Z GET /product/get-product-details?code=AF1001 304  - 200.114 ms 



============= 2024-06-02T04:15:26.842Z GET /product/get-product?pageNum=1&pageSize=8 304  - 78.934 ms 



============= 2024-06-02T04:15:29.162Z GET /product/get-product?supplier=Nike&pageNum=1&pageSize=8 304  - 64.665 ms 



============= 2024-06-02T04:15:35.746Z GET /order/get-orders 304  - 89.905 ms 



============= 2024-06-02T04:15:54.899Z POST /product/add-product 500 251 - 73.738 ms 



============= 2024-06-02T04:15:54.994Z POST /product/add-product 200 44 - 143.897 ms 



============= 2024-06-02T04:15:54.997Z POST /product/add-product 200 44 - 118.985 ms 



============= 2024-06-02T04:15:55.000Z POST /product/add-product 200 44 - 129.169 ms 



============= 2024-06-02T04:16:00.191Z GET /product/get-product?supplier=Nike&pageNum=1&pageSize=8 304  - 66.207 ms 



============= 2024-06-02T04:16:05.187Z GET /product/get-product?supplier=Nike&pageNum=2&pageSize=8 304  - 69.317 ms 



============= 2024-06-02T04:16:11.223Z GET /product/get-product?supplier=Nike&pageNum=1&pageSize=8 304  - 115.332 ms 



============= 2024-06-02T04:16:33.345Z GET /supplier/get-supplier? 304  - 139.132 ms 



============= 2024-06-02T04:16:33.369Z GET /product/get-product?pageNum=1&pageSize=5 200 3449 - 174.939 ms 



============= 2024-06-02T04:16:33.371Z GET /category/get-category? 304  - 168.267 ms 



============= 2024-06-02T04:16:43.666Z GET /product/get-product?pageNum=1&pageSize=5&sortBy=latest 200 3002 - 109.580 ms 



============= 2024-06-02T04:17:03.048Z GET /product/get-product?pageNum=1&pageSize=5&categoryId=3&sortBy=latest 200 2924 - 98.545 ms 



============= 2024-06-02T04:17:12.933Z GET /product/get-product?supplier=Nike&pageNum=1&pageSize=8 304  - 79.489 ms 



============= 2024-06-02T04:17:19.515Z GET /product/get-product?supplier=Nike&pageNum=2&pageSize=8 304  - 85.133 ms 



============= 2024-06-02T04:17:22.344Z GET /product/get-product?supplier=Nike&pageNum=1&pageSize=8 304  - 164.743 ms 



============= 2024-06-02T04:17:42.124Z POST /login 200 394 - 84.546 ms 



============= 2024-06-02T04:17:44.671Z GET /product/get-product?supplier=Nike&pageNum=1&pageSize=8 304  - 96.049 ms 



============= 2024-06-02T04:17:49.420Z GET /product/get-product?supplier=Adidas&pageNum=1&pageSize=8 200 4432 - 91.398 ms 



============= 2024-06-02T04:19:08.373Z GET /supplier/get-supplier? 304  - 133.342 ms 



============= 2024-06-02T04:19:08.387Z GET /product/get-product-details?code=AF1015 200 1009 - 150.116 ms 



============= 2024-06-02T04:19:08.388Z GET /category/get-category? 304  - 154.797 ms 



============= 2024-06-02T04:19:20.854Z POST /product/add-product 500 251 - 13.927 ms 



============= 2024-06-02T04:19:20.962Z POST /product/add-product 200 44 - 136.179 ms 



============= 2024-06-02T04:19:20.964Z POST /product/add-product 200 44 - 157.858 ms 



============= 2024-06-02T04:19:27.055Z GET /product/get-product?supplier=Adidas&pageNum=1&pageSize=8 304  - 69.151 ms 



============= 2024-06-02T04:21:06.648Z POST /product/add-product 500 251 - 25.203 ms 



============= 2024-06-02T04:21:06.756Z POST /product/add-product 200 44 - 162.794 ms 



============= 2024-06-02T04:21:06.757Z POST /product/add-product 200 44 - 124.989 ms 



============= 2024-06-02T04:21:14.604Z GET /supplier/get-supplier? 304  - 93.778 ms 



============= 2024-06-02T04:21:14.630Z GET /product/get-product?pageNum=1&pageSize=5 304  - 125.366 ms 



============= 2024-06-02T04:21:14.631Z GET /category/get-category? 304  - 121.873 ms 



============= 2024-06-02T04:22:44.888Z DELETE /product/delete-product 200 44 - 131.078 ms 



============= 2024-06-02T04:22:45.008Z GET /product/get-product?pageNum=1&pageSize=5 200 3345 - 113.504 ms 



============= 2024-06-02T04:22:49.300Z GET /supplier/get-supplier? 304  - 70.112 ms 



============= 2024-06-02T04:22:49.300Z GET /category/get-category? 304  - 86.517 ms 



============= 2024-06-02T04:23:51.852Z POST /product/add-product 500 251 - 25.107 ms 



============= 2024-06-02T04:23:51.969Z POST /product/add-product 200 44 - 134.434 ms 



============= 2024-06-02T04:24:02.151Z GET /category/get-category? 304  - 121.537 ms 



============= 2024-06-02T04:24:02.180Z GET /product/get-product?pageNum=1&pageSize=5 200 3345 - 152.696 ms 



============= 2024-06-02T04:24:02.182Z GET /supplier/get-supplier? 304  - 151.366 ms 



============= 2024-06-02T04:24:11.906Z GET /product/get-product?pageNum=1&pageSize=5&sortBy=latest 200 2602 - 110.335 ms 



============= 2024-06-02T04:24:16.830Z GET /supplier/get-supplier? 304  - 111.367 ms 



============= 2024-06-02T04:24:16.835Z GET /product/get-product?pageNum=1&pageSize=5 304  - 121.856 ms 



============= 2024-06-02T04:24:16.837Z GET /category/get-category? 304  - 121.195 ms 



============= 2024-06-02T04:24:21.107Z GET /product/get-product?supplier=Nike&pageNum=1&pageSize=8 200 5433 - 75.746 ms 



============= 2024-06-02T04:24:27.366Z GET /product/get-product?supplier=Nike&pageNum=2&pageSize=8 200 263 - 58.123 ms 



============= 2024-06-02T04:24:35.039Z GET /product/get-product?supplier=Adidas&pageNum=1&pageSize=8 304  - 87.643 ms 



============= 2024-06-02T04:24:40.235Z GET /product/get-product?supplier=Nike&pageNum=1&pageSize=8 304  - 77.439 ms 



============= 2024-06-02T04:24:51.476Z GET /product/get-product?supplier=Nike&pageNum=2&pageSize=8 304  - 89.217 ms 



============= 2024-06-02T04:24:57.400Z GET /product/get-product?supplier=Nike&pageNum=1&pageSize=8 304  - 104.239 ms 



============= 2024-06-02T04:25:00.599Z GET /product/get-product?supplier=Adidas&pageNum=1&pageSize=8 304  - 122.481 ms 



============= 2024-06-02T04:25:34.038Z GET /product/get-product?pageNum=1&pageSize=5&sortBy=latest 304  - 98.452 ms 



============= 2024-06-02T04:25:41.129Z DELETE /product/delete-product 200 44 - 116.120 ms 



============= 2024-06-02T04:25:41.245Z GET /product/get-product?pageNum=1&pageSize=5&sortBy=latest 200 2997 - 101.961 ms 



============= 2024-06-02T04:25:49.807Z GET /product/get-product?supplier=Adidas&pageNum=1&pageSize=8 200 4184 - 77.946 ms 



============= 2024-06-02T04:28:32.466Z GET /supplier/get-supplier? 304  - 94.748 ms 



============= 2024-06-02T04:28:32.467Z GET /category/get-category? 304  - 107.420 ms 



============= 2024-06-02T04:29:48.762Z POST /product/add-product 500 251 - 42.652 ms 



============= 2024-06-02T04:29:48.860Z POST /product/add-product 200 44 - 122.988 ms 



============= 2024-06-02T04:30:20.772Z POST /product/add-product 200 44 - 396.673 ms 



============= 2024-06-02T04:30:20.858Z POST /product/add-product 200 44 - 461.730 ms 



============= 2024-06-02T04:30:36.813Z GET /customer/get-customer 304  - 92.140 ms 



============= 2024-06-02T04:30:37.977Z GET /category/get-category? 304  - 110.959 ms 



============= 2024-06-02T04:30:38.062Z GET /product/get-product?pageNum=1&pageSize=5 304  - 198.095 ms 



============= 2024-06-02T04:30:38.064Z GET /supplier/get-supplier? 304  - 197.220 ms 



============= 2024-06-02T04:30:44.295Z GET /product/get-product?pageNum=1&pageSize=5&sortBy=latest 200 2713 - 95.359 ms 



============= 2024-06-02T04:30:50.840Z GET /product/get-product?supplier=Nike&pageNum=1&pageSize=8 200 5434 - 61.348 ms 



============= 2024-06-02T04:30:55.063Z GET /product/get-product?supplier=Nike&pageNum=2&pageSize=8 200 623 - 79.983 ms 



============= 2024-06-02T04:31:54.327Z GET /product/get-product?supplier=Nike&pageNum=2&pageSize=8 304  - 118.540 ms 



============= 2024-06-02T04:32:05.271Z GET /product/get-product?supplier=Nike&pageNum=1&pageSize=8 304  - 45.716 ms 



============= 2024-06-02T04:32:08.357Z GET /product/get-product?supplier=Nike&pageNum=2&pageSize=8 304  - 111.927 ms 



============= 2024-06-02T04:32:13.483Z GET /product/get-product?supplier=Nike&pageNum=1&pageSize=8 304  - 70.082 ms 



============= 2024-06-02T04:32:23.925Z GET /product/get-product?supplier=Nike&pageNum=1&pageSize=8 304  - 125.118 ms 



============= 2024-06-02T04:33:01.610Z GET /product/get-product?supplier=Nike&pageNum=2&pageSize=8 304  - 117.485 ms 



============= 2024-06-02T04:37:25.675Z GET /product/get-product?supplier=Nike&pageNum=1&pageSize=8 304  - 56.738 ms 



============= 2024-06-02T04:37:28.900Z GET /product/get-product?supplier=Nike&pageNum=2&pageSize=8 200 623 - 83.841 ms 



============= 2024-06-02T04:42:09.629Z GET /product/get-product 200 6036 - 268.150 ms 



============= 2024-06-02T04:42:45.647Z GET /product/get-product-details 200 55562 - 610.680 ms 



============= 2024-06-02T04:47:04.929Z GET /favicon.ico 404 150 - 3.294 ms 



============= 2024-06-02T04:58:28.900Z GET /product/get-product-details 200 55562 - 970.822 ms 



============= 2024-06-02T05:01:16.389Z GET /product/get-product-details?code=AF1022 200 978 - 305.052 ms 



============= 2024-06-02T05:01:31.171Z GET /cart/get-cart-items 304  - 139.629 ms 



============= 2024-06-02T05:01:33.210Z GET /product/get-product?supplier=Nike&pageNum=1&pageSize=8 304  - 86.965 ms 



============= 2024-06-02T05:01:35.800Z GET /product/get-product?supplier=Nike&pageNum=2&pageSize=8 304  - 100.985 ms 



============= 2024-06-02T05:01:43.326Z GET /product/get-product-details?code=AF1022 200 978 - 147.590 ms 



============= 2024-06-02T05:01:43.461Z GET /product/get-product?pageNum=1&pageSize=8 200 5434 - 114.988 ms 



============= 2024-06-02T05:01:45.174Z GET /product/get-product?supplier=Nike&pageNum=1&pageSize=8 304  - 98.659 ms 



============= 2024-06-02T05:02:39.633Z GET /product/get-product-details?code=AF1022 200 978 - 408.914 ms 



============= 2024-06-02T05:03:21.105Z GET /product/get-product?supplier=Nike&pageNum=2&pageSize=8 200 665 - 224.074 ms 



============= 2024-06-02T05:03:26.436Z GET /cart/get-cart-items 304  - 105.774 ms 



============= 2024-06-02T05:03:31.996Z GET /product/get-product-details?code=AF1022 304  - 118.289 ms 



============= 2024-06-02T05:03:31.997Z GET /product/get-product?pageNum=1&pageSize=8 304  - 116.584 ms 



============= 2024-06-02T05:03:32.165Z GET /product/get-product?pageNum=1&pageSize=8 304  - 71.090 ms 



============= 2024-06-02T05:03:36.911Z POST /cart/add-to-cart 200 44 - 69.653 ms 



============= 2024-06-02T05:03:55.804Z GET /cart/get-cart-items 200 370 - 133.831 ms 



============= 2024-06-02T05:04:03.221Z GET /supplier/get-supplier? 304  - 98.013 ms 



============= 2024-06-02T05:04:03.243Z GET /product/get-product?pageNum=1&pageSize=5 304  - 126.739 ms 



============= 2024-06-02T05:04:03.318Z GET /category/get-category? 304  - 196.693 ms 



============= 2024-06-02T05:04:07.563Z GET /product/get-product?pageNum=1&pageSize=5&sortBy=latest 200 2755 - 108.365 ms 



============= 2024-06-02T05:05:38.816Z GET /cart/get-cart-items 304  - 68.878 ms 



============= 2024-06-02T05:05:40.235Z GET /cart/get-cart-items 304  - 107.579 ms 



============= 2024-06-02T05:06:32.535Z GET /cart/get-cart-items 200 412 - 325.779 ms 



============= 2024-06-02T05:06:35.719Z GET /cart/get-cart-items 304  - 46.563 ms 



============= 2024-06-02T05:06:35.771Z GET /cart/get-cart-items 304  - 49.894 ms 



============= 2024-06-02T05:06:40.108Z GET /order/get-orders 304  - 166.193 ms 



============= 2024-06-02T05:06:43.120Z GET /cart/get-cart-items 304  - 109.068 ms 



============= 2024-06-02T05:06:44.359Z GET /cart/get-cart-items 304  - 143.801 ms 



============= 2024-06-02T05:06:53.354Z POST /order/order-from-cart 200 44 - 195.769 ms 



============= 2024-06-02T05:06:59.734Z GET /order/get-orders 200 1528 - 80.866 ms 



============= 2024-06-02T05:08:35.768Z GET /cart/get-cart-items 200 2 - 263.494 ms 



============= 2024-06-02T05:08:39.202Z GET /order/get-orders 200 85 - 176.289 ms 



============= 2024-06-02T05:08:47.473Z GET /order/get-orders 304  - 104.737 ms 



============= 2024-06-02T05:11:01.386Z GET /order/get-orders 304  - 126.618 ms 



============= 2024-06-02T05:11:51.601Z GET /order/get-orders 200 1570 - 219.970 ms 



============= 2024-06-02T05:11:54.976Z GET /order/get-order-items?orderId=75 200 2521 - 91.883 ms 



============= 2024-06-02T05:12:07.468Z GET /order/get-orders 304  - 100.142 ms 



============= 2024-06-02T05:12:10.460Z GET /order/get-order-items?orderId=75 304  - 77.376 ms 



============= 2024-06-02T05:12:14.520Z GET /order/get-orders 304  - 103.518 ms 



============= 2024-06-02T05:12:18.693Z GET /order/get-order-items?orderId=75 304  - 91.195 ms 



============= 2024-06-02T05:12:43.734Z GET /order/get-order-items?orderId=75 304  - 88.254 ms 



============= 2024-06-02T05:12:52.390Z GET /cart/get-cart-items 304  - 50.071 ms 



============= 2024-06-02T05:14:16.593Z GET /order/get-orders 304  - 104.717 ms 



============= 2024-06-02T05:14:31.891Z GET /order/get-order-items?orderId=75 304  - 81.423 ms 



============= 2024-06-02T05:16:57.422Z GET /order/get-order-items?orderId=75 200 50 - 1.330 ms 



============= 2024-06-02T05:21:16.472Z GET /order/get-orders 304  - 199.110 ms 



============= 2024-06-02T05:21:19.066Z GET /order/get-order-items?orderId=75 200 617 - 103.363 ms 



============= 2024-06-02T05:22:16.258Z GET /order/get-order-items?orderId=75 200 659 - 242.344 ms 



============= 2024-06-02T05:22:28.052Z GET /order/get-orders 304  - 94.860 ms 



============= 2024-06-02T05:23:33.212Z GET /product/get-product?supplier=Adidas&pageNum=1&pageSize=8 304  - 96.651 ms 



============= 2024-06-02T05:23:35.113Z GET /product/get-product-details?code=DASE001 304  - 125.578 ms 



============= 2024-06-02T05:23:35.193Z GET /product/get-product?pageNum=1&pageSize=8 304  - 67.314 ms 



============= 2024-06-02T05:23:37.787Z POST /cart/add-to-cart 200 44 - 78.682 ms 



============= 2024-06-02T05:23:48.102Z POST /cart/add-to-cart 200 44 - 76.732 ms 



============= 2024-06-02T05:23:52.400Z GET /cart/get-cart-items 200 1347 - 104.016 ms 



============= 2024-06-02T05:23:53.128Z GET /cart/get-cart-items 304  - 124.680 ms 



============= 2024-06-02T05:23:53.199Z GET /cart/get-cart-items 304  - 63.196 ms 



============= 2024-06-02T05:23:59.072Z PUT /cart/update-cart-item 200 93 - 105.923 ms 



============= 2024-06-02T05:23:59.074Z PUT /cart/update-cart-item 200 93 - 99.311 ms 



============= 2024-06-02T05:23:59.165Z GET /cart/get-cart-items 200 1347 - 78.528 ms 



============= 2024-06-02T05:23:59.288Z GET /cart/get-cart-items 304  - 119.877 ms 



============= 2024-06-02T05:23:59.394Z GET /cart/get-cart-items 304  - 104.310 ms 



============= 2024-06-02T05:24:11.894Z PUT /cart/update-cart-item 200 93 - 141.637 ms 



============= 2024-06-02T05:24:11.896Z PUT /cart/update-cart-item 200 93 - 151.591 ms 



============= 2024-06-02T05:24:12.008Z GET /cart/get-cart-items 200 1347 - 89.510 ms 



============= 2024-06-02T05:24:12.133Z GET /cart/get-cart-items 304  - 122.400 ms 



============= 2024-06-02T05:24:12.272Z GET /cart/get-cart-items 304  - 133.854 ms 



============= 2024-06-02T05:24:22.323Z PUT /cart/update-cart-item 200 93 - 76.301 ms 



============= 2024-06-02T05:24:22.424Z PUT /cart/update-cart-item 200 93 - 182.499 ms 



============= 2024-06-02T05:24:22.561Z GET /cart/get-cart-items 200 1347 - 109.730 ms 



============= 2024-06-02T05:24:22.670Z GET /cart/get-cart-items 304  - 106.627 ms 



============= 2024-06-02T05:24:22.809Z GET /cart/get-cart-items 304  - 136.462 ms 



============= 2024-06-02T05:24:59.811Z POST /order/order-from-cart 200 44 - 203.537 ms 



============= 2024-06-02T05:25:09.475Z GET /order/get-orders 200 2458 - 144.788 ms 



============= 2024-06-02T05:25:24.463Z GET /order/get-order-items?orderId=76 200 1839 - 86.828 ms 



============= 2024-06-02T05:26:09.398Z GET /order/get-orders-admin? 200 1409 - 112.168 ms 



============= 2024-06-02T05:26:09.426Z GET /product/get-product?pageNum=1&pageSize=5 304  - 165.534 ms 



============= 2024-06-02T05:26:09.428Z GET /customer/get-customer 304  - 151.415 ms 



============= 2024-06-02T05:26:12.169Z GET /customer/get-customer 304  - 97.672 ms 



============= 2024-06-02T05:26:14.883Z GET /category/get-category? 304  - 133.786 ms 



============= 2024-06-02T05:26:14.886Z GET /supplier/get-supplier? 304  - 133.309 ms 



============= 2024-06-02T05:26:14.887Z GET /product/get-product?pageNum=1&pageSize=5 304  - 146.114 ms 



============= 2024-06-02T05:27:36.316Z GET /supplier/get-supplier? 304  - 83.657 ms 



============= 2024-06-02T05:27:36.349Z GET /product/get-product?pageNum=1&pageSize=5 304  - 125.866 ms 



============= 2024-06-02T05:27:36.350Z GET /category/get-category? 304  - 118.846 ms 



============= 2024-06-02T05:27:42.280Z GET /supplier/get-supplier? 304  - 71.236 ms 



============= 2024-06-02T05:27:42.284Z GET /product/get-product?pageNum=1&pageSize=5 304  - 81.060 ms 



============= 2024-06-02T05:27:42.285Z GET /category/get-category? 304  - 76.686 ms 



============= 2024-06-02T05:28:17.671Z GET /supplier/get-supplier? 304  - 95.197 ms 



============= 2024-06-02T05:28:17.709Z GET /product/get-product?pageNum=1&pageSize=5 304  - 140.475 ms 



============= 2024-06-02T05:28:17.710Z GET /category/get-category? 304  - 137.046 ms 



============= 2024-06-02T05:28:24.796Z GET /product/get-product?pageNum=1&pageSize=5&sortBy=latest 304  - 87.298 ms 



============= 2024-06-02T05:29:59.954Z GET /supplier/get-supplier? 304  - 94.138 ms 



============= 2024-06-02T05:29:59.974Z GET /product/get-product-details?code=AF1022 200 978 - 116.211 ms 



============= 2024-06-02T05:29:59.975Z GET /category/get-category? 304  - 122.300 ms 



============= 2024-06-02T05:30:01.653Z GET /category/get-category? 304  - 151.366 ms 



============= 2024-06-02T05:30:01.698Z GET /product/get-product?pageNum=1&pageSize=5 304  - 203.123 ms 



============= 2024-06-02T05:30:01.699Z GET /supplier/get-supplier? 304  - 200.515 ms 



============= 2024-06-02T05:30:05.216Z GET /product/get-product-details?code=AF1003 200 3845 - 130.746 ms 



============= 2024-06-02T05:30:05.219Z GET /supplier/get-supplier? 304  - 123.245 ms 



============= 2024-06-02T05:30:05.222Z GET /category/get-category? 304  - 141.557 ms 



============= 2024-06-02T05:30:06.232Z GET /category/get-category? 304  - 101.113 ms 



============= 2024-06-02T05:30:06.235Z GET /product/get-product?pageNum=1&pageSize=5 304  - 106.971 ms 



============= 2024-06-02T05:30:06.237Z GET /supplier/get-supplier? 304  - 106.268 ms 



============= 2024-06-02T05:30:08.591Z GET /supplier/get-supplier? 304  - 97.143 ms 



============= 2024-06-02T05:30:08.624Z GET /product/get-product-details?code=AF1004 304  - 129.229 ms 



============= 2024-06-02T05:30:08.704Z GET /category/get-category? 304  - 216.203 ms 



============= 2024-06-02T05:30:09.566Z GET /category/get-category? 304  - 75.488 ms 



============= 2024-06-02T05:30:09.569Z GET /product/get-product?pageNum=1&pageSize=5 304  - 80.540 ms 



============= 2024-06-02T05:30:09.569Z GET /supplier/get-supplier? 304  - 79.754 ms 



============= 2024-06-02T05:30:20.315Z GET /supplier/get-supplier? 304  - 85.854 ms 



============= 2024-06-02T05:30:20.338Z GET /product/get-product?pageNum=1&pageSize=5 304  - 116.995 ms 



============= 2024-06-02T05:30:20.339Z GET /category/get-category? 304  - 109.543 ms 



============= 2024-06-02T05:30:35.368Z GET /product/get-product?pageNum=4&pageSize=5 200 794 - 45.892 ms 



============= 2024-06-02T05:30:43.986Z GET /product/get-product?pageNum=2&pageSize=5 200 2754 - 68.583 ms 



============= 2024-06-02T05:30:55.167Z DELETE /product/delete-product 200 44 - 71.412 ms 



============= 2024-06-02T05:30:55.225Z GET /product/get-product?pageNum=2&pageSize=5 200 3295 - 54.440 ms 



============= 2024-06-02T05:31:03.870Z GET /order/get-order-items?orderId=76 304  - 56.069 ms 



============= 2024-06-02T05:31:09.084Z GET /order/get-orders 304  - 151.171 ms 



============= 2024-06-02T05:31:12.423Z POST /order/cancel-order 200 106 - 112.855 ms 



============= 2024-06-02T05:31:21.227Z GET /order/get-orders 200 2471 - 115.316 ms 



============= 2024-06-02T05:31:22.470Z GET /cart/get-cart-items 200 2 - 86.596 ms 



============= 2024-06-02T05:31:26.318Z GET /order/get-orders-admin? 200 1422 - 71.618 ms 



============= 2024-06-02T05:32:28.464Z GET /order/get-orders-admin? 304  - 235.781 ms 



============= 2024-06-02T05:32:35.987Z GET /order/get-orders-admin? 304  - 78.145 ms 



============= 2024-06-02T05:32:41.154Z GET /common/get-common-type?type=orderStatus 200 573 - 106.601 ms 



============= 2024-06-02T05:32:41.164Z GET /order/get-order-items?orderId=76 200 2 - 114.777 ms 



============= 2024-06-02T05:32:41.267Z GET /order/get-orders-admin?id=76 200 476 - 223.188 ms 



============= 2024-06-02T05:32:58.247Z GET /order/get-order-items?orderId=76 304  - 75.678 ms 



============= 2024-06-02T05:32:58.248Z GET /common/get-common-type?type=orderStatus 304  - 75.564 ms 



============= 2024-06-02T05:32:58.352Z GET /order/get-orders-admin?id=76 304  - 183.188 ms 



============= 2024-06-02T05:33:04.558Z PUT /order/change-order-status 200 44 - 142.096 ms 



============= 2024-06-02T05:33:14.362Z GET /order/get-orders 200 2460 - 68.660 ms 



============= 2024-06-02T05:33:18.856Z GET /cart/get-cart-items 304  - 144.845 ms 



============= 2024-06-02T05:33:53.147Z GET /order/get-orders-admin?id=76 200 465 - 90.809 ms 



============= 2024-06-02T05:33:53.150Z GET /order/get-order-items?orderId=76 304  - 90.514 ms 



============= 2024-06-02T05:33:53.151Z GET /common/get-common-type?type=orderStatus 304  - 87.953 ms 



============= 2024-06-02T05:37:27.759Z GET /order/get-orders-admin?id=76 304  - 160.430 ms 



============= 2024-06-02T05:37:27.766Z GET /order/get-order-items?orderId=76 304  - 164.256 ms 



============= 2024-06-02T05:37:27.767Z GET /common/get-common-type?type=orderStatus 304  - 162.880 ms 



============= 2024-06-02T05:37:39.331Z GET /order/get-order-items?orderId=76 304  - 95.854 ms 



============= 2024-06-02T05:37:39.332Z GET /common/get-common-type?type=orderStatus 304  - 91.797 ms 



============= 2024-06-02T05:37:39.441Z GET /order/get-orders-admin?id=76 304  - 212.284 ms 



============= 2024-06-02T05:37:52.512Z GET /order/get-orders-admin?id=76 304  - 92.977 ms 



============= 2024-06-02T05:37:52.514Z GET /order/get-order-items?orderId=76 304  - 85.704 ms 



============= 2024-06-02T05:37:52.516Z GET /common/get-common-type?type=orderStatus 304  - 83.068 ms 



============= 2024-06-02T05:37:56.270Z GET /order/get-orders-admin?id=76 304  - 73.523 ms 



============= 2024-06-02T05:37:56.276Z GET /order/get-order-items?orderId=76 304  - 76.174 ms 



============= 2024-06-02T05:37:56.277Z GET /common/get-common-type?type=orderStatus 304  - 73.116 ms 



============= 2024-06-02T05:40:17.061Z GET /order/get-orders-admin?id=76 304  - 99.203 ms 



============= 2024-06-02T05:40:17.066Z GET /order/get-order-items?orderId=76 304  - 101.515 ms 



============= 2024-06-02T05:40:17.068Z GET /common/get-common-type?type=orderStatus 200 479 - 106.471 ms 



============= 2024-06-02T05:40:51.432Z GET /order/get-order-items?orderId=76 304  - 86.736 ms 



============= 2024-06-02T05:40:51.435Z GET /common/get-common-type?type=orderStatus 304  - 87.191 ms 



============= 2024-06-02T05:40:51.534Z GET /order/get-orders-admin?id=76 304  - 191.050 ms 



============= 2024-06-02T05:41:08.984Z GET /order/get-order-items?orderId=76 304  - 116.706 ms 



============= 2024-06-02T05:41:08.986Z GET /common/get-common-type?type=orderStatus 304  - 115.451 ms 



============= 2024-06-02T05:41:09.085Z GET /order/get-orders-admin?id=76 304  - 222.203 ms 



============= 2024-06-02T05:46:04.860Z GET /order/get-orders 304  - 225.120 ms 



============= 2024-06-02T05:46:08.352Z GET /order/get-order-items?orderId=76 200 1843 - 149.255 ms 



============= 2024-06-02T05:46:10.809Z GET /order/get-orders 304  - 96.174 ms 



============= 2024-06-02T05:46:15.697Z GET /order/get-order-items?orderId=75 304  - 57.943 ms 



============= 2024-06-02T05:46:16.894Z GET /order/get-orders 304  - 119.732 ms 



============= 2024-06-02T05:46:19.043Z GET /order/get-order-items?orderId=76 304  - 108.139 ms 



============= 2024-06-02T05:46:21.670Z GET /order/get-orders 304  - 67.952 ms 



============= 2024-06-02T05:46:24.875Z GET /order/get-order-items?orderId=74 304  - 115.426 ms 



============= 2024-06-02T05:46:25.948Z GET /order/get-orders 304  - 117.831 ms 



============= 2024-06-02T05:46:53.481Z GET /order/get-orders-admin?id=76 304  - 103.064 ms 



============= 2024-06-02T05:46:53.488Z GET /order/get-order-items?orderId=76 200 2 - 105.598 ms 



============= 2024-06-02T05:46:53.489Z GET /common/get-common-type?type=orderStatus 304  - 105.132 ms 



============= 2024-06-02T05:48:22.656Z GET /common/get-common-type?type=orderStatus 304  - 232.966 ms 



============= 2024-06-02T05:48:22.665Z GET /order/get-order-items?orderId=76 304  - 254.229 ms 



============= 2024-06-02T05:48:22.667Z GET /order/get-orders-admin?id=76 304  - 290.898 ms 



============= 2024-06-02T05:49:11.740Z GET /order/get-orders-admin?id=76 304  - 288.852 ms 



============= 2024-06-02T05:49:11.745Z GET /order/get-order-items?orderId=76 304  - 259.909 ms 



============= 2024-06-02T05:49:11.747Z GET /common/get-common-type?type=orderStatus 304  - 252.856 ms 



============= 2024-06-02T05:51:01.999Z GET /order/get-orders-admin?id=76 304  - 220.615 ms 



============= 2024-06-02T05:51:02.004Z GET /order/get-order-items?orderId=76 200 1843 - 168.404 ms 



============= 2024-06-02T05:51:02.005Z GET /common/get-common-type?type=orderStatus 304  - 157.166 ms 



============= 2024-06-02T05:51:08.465Z GET /order/get-order-items?orderId=76 304  - 150.338 ms 



============= 2024-06-02T05:51:09.821Z GET /order/get-orders 304  - 97.063 ms 



============= 2024-06-02T05:51:20.468Z GET /order/get-order-items?orderId=76 304  - 104.363 ms 



============= 2024-06-02T05:51:22.608Z GET /order/get-orders 304  - 93.757 ms 



============= 2024-06-02T05:51:26.991Z GET /order/get-order-items?orderId=75 304  - 79.760 ms 



============= 2024-06-02T05:51:27.906Z GET /order/get-orders 304  - 95.294 ms 



============= 2024-06-02T05:57:00.274Z GET /product/get-product?supplier=Nike&pageNum=1&pageSize=8 200 5433 - 126.852 ms 



============= 2024-06-02T05:57:02.184Z GET /product/get-product-details?code=AF1003 304  - 174.879 ms 



============= 2024-06-02T05:57:02.261Z GET /product/get-product?pageNum=1&pageSize=8 200 5434 - 62.052 ms 



============= 2024-06-02T05:57:03.736Z POST /cart/add-to-cart 200 44 - 167.345 ms 



============= 2024-06-02T05:57:08.090Z POST /cart/add-to-cart 200 44 - 141.736 ms 



============= 2024-06-02T06:03:10.221Z GET /cart/get-cart-items 200 1385 - 127.557 ms 



============= 2024-06-02T06:03:13.911Z GET /cart/get-cart-items 304  - 76.130 ms 



============= 2024-06-02T06:03:13.975Z GET /cart/get-cart-items 304  - 62.732 ms 



============= 2024-06-02T06:03:21.438Z GET /order/get-orders 304  - 99.220 ms 



============= 2024-06-02T06:03:25.840Z GET /cart/get-cart-items 304  - 111.990 ms 



============= 2024-06-02T06:03:27.352Z GET /product/get-product?supplier=Adidas&pageNum=1&pageSize=8 304  - 80.272 ms 



============= 2024-06-02T06:03:29.625Z GET /product/get-product-details?code=DASE001 200 3753 - 118.479 ms 



============= 2024-06-02T06:03:29.626Z GET /product/get-product?pageNum=1&pageSize=8 304  - 115.323 ms 



============= 2024-06-02T06:03:29.703Z GET /product/get-product?pageNum=1&pageSize=8 304  - 61.733 ms 



============= 2024-06-02T06:03:31.289Z POST /cart/add-to-cart 200 44 - 70.601 ms 



============= 2024-06-02T06:03:37.352Z POST /cart/add-to-cart 200 44 - 126.386 ms 



============= 2024-06-02T06:03:44.252Z GET /cart/get-cart-items 200 2731 - 148.617 ms 



============= 2024-06-02T06:03:45.945Z GET /cart/get-cart-items 304  - 74.539 ms 



============= 2024-06-02T06:03:46.015Z GET /cart/get-cart-items 304  - 53.789 ms 



============= 2024-06-02T06:03:58.252Z POST /order/order-from-cart 200 44 - 224.555 ms 



============= 2024-06-02T06:04:08.109Z GET /order/get-orders 200 3377 - 79.819 ms 



============= 2024-06-02T06:04:23.136Z GET /order/get-orders-admin?id=76 304  - 116.541 ms 



============= 2024-06-02T06:04:23.139Z GET /order/get-order-items?orderId=76 304  - 115.757 ms 



============= 2024-06-02T06:04:23.141Z GET /common/get-common-type?type=orderStatus 304  - 112.382 ms 



============= 2024-06-02T06:04:24.513Z GET /order/get-orders-admin? 200 1876 - 93.032 ms 



============= 2024-06-02T06:04:34.495Z GET /customer/get-customer 304  - 109.908 ms 



============= 2024-06-02T06:04:34.518Z GET /product/get-product?pageNum=1&pageSize=5 200 3345 - 146.603 ms 



============= 2024-06-02T06:04:34.520Z GET /order/get-orders-admin? 304  - 127.491 ms 



============= 2024-06-02T06:08:21.535Z GET /order/get-orders-admin? 304  - 106.186 ms 



============= 2024-06-02T06:08:21.555Z GET /product/get-product?pageNum=1&pageSize=5 304  - 135.050 ms 



============= 2024-06-02T06:08:21.556Z GET /customer/get-customer 304  - 131.382 ms 



============= 2024-06-02T06:09:04.702Z GET /order/get-orders-admin? 304  - 161.767 ms 



============= 2024-06-02T06:09:04.723Z GET /product/get-product?pageNum=1&pageSize=5 304  - 199.556 ms 



============= 2024-06-02T06:09:04.724Z GET /customer/get-customer 304  - 189.861 ms 



============= 2024-06-02T06:09:12.613Z GET /order/get-orders-admin? 304  - 44.725 ms 



============= 2024-06-02T06:09:25.371Z GET /order/get-orders-admin? 304  - 148.852 ms 



============= 2024-06-02T06:09:25.374Z GET /product/get-product?pageNum=1&pageSize=5 304  - 169.320 ms 



============= 2024-06-02T06:09:25.376Z GET /customer/get-customer 304  - 159.047 ms 



============= 2024-06-02T06:09:28.962Z GET /order/get-orders-admin? 304  - 76.707 ms 



============= 2024-06-02T06:09:42.540Z GET /order/get-orders-admin? 304  - 152.962 ms 



============= 2024-06-02T06:09:42.571Z GET /product/get-product?pageNum=1&pageSize=5 304  - 190.519 ms 



============= 2024-06-02T06:09:42.572Z GET /customer/get-customer 304  - 188.436 ms 



============= 2024-06-02T06:09:59.186Z GET /order/get-orders-admin? 304  - 93.806 ms 



============= 2024-06-02T06:09:59.212Z GET /product/get-product?pageNum=1&pageSize=5 304  - 128.007 ms 



============= 2024-06-02T06:09:59.214Z GET /customer/get-customer 304  - 125.263 ms 



============= 2024-06-02T14:59:57.785Z POST /admin-login 200 328 - 142.029 ms 



============= 2024-06-02T15:00:51.163Z POST /admin-login 200 328 - 44.554 ms 



============= 2024-06-02T15:00:53.154Z GET /product/get-product?pageNum=1&pageSize=5 200 3345 - 112.124 ms 



============= 2024-06-02T15:00:53.157Z GET /order/get-orders-admin? 200 1876 - 87.066 ms 



============= 2024-06-02T15:00:53.159Z GET /customer/get-customer 200 1670 - 107.838 ms 



============= 2024-06-02T15:03:03.788Z GET /report/report 404 152 - 3.542 ms 



============= 2024-06-02T15:03:58.317Z GET /report/report 404 152 - 0.598 ms 



============= 2024-06-02T15:04:29.192Z GET /report/report 200 50 - 3.185 ms 



============= 2024-06-02T15:04:54.340Z POST /admin-login 200 328 - 137.346 ms 



============= 2024-06-02T15:05:05.648Z GET /report/report 200 50 - 0.696 ms 



============= 2024-06-02T15:05:09.968Z GET /report/report 200 50 - 0.760 ms 



============= 2024-06-02T15:06:37.755Z GET /report/report?fromdate=2024-06-02&todate=2024-06-02&type=1 200 50 - 0.569 ms 



============= 2024-06-02T15:07:16.996Z GET /report/report?fromdate=2024-06-02&todate=2024-06-02&type=1 200 50 - 5.965 ms 



============= 2024-06-02T15:09:14.613Z GET /customer/get-customer 200 1670 - 134.300 ms 



============= 2024-06-02T15:09:46.220Z GET /report/report?fromdate=2024-06-02&todate=2024-06-02&type=1 404 152 - 4.048 ms 



============= 2024-06-02T15:09:53.120Z GET /report/get-report?fromdate=2024-06-02&todate=2024-06-02&type=1 200 50 - 4.611 ms 



============= 2024-06-02T15:10:03.032Z GET /report/get-report?fromdate=2024-06-02&todate=2024-06-02&type=1 200 50 - 1.141 ms 



============= 2024-06-02T15:10:22.632Z GET /report/get-report?fromdate=2024-06-02&todate=2024-06-02&type=1 200 50 - 0.939 ms 



============= 2024-06-02T15:11:40.048Z GET /report/get-report?fromdate=2024-06-02&todate=2024-06-02&type=1 200 131 - 138.260 ms 



============= 2024-06-02T15:12:12.043Z GET /report/get-report?fromdate=2024-06-02&todate=2024-06-02&type=1 200 1252 - 157.821 ms 



============= 2024-06-02T15:14:43.764Z GET /customer/get-customer 304  - 61.915 ms 



============= 2024-06-02T15:14:43.767Z GET /order/get-orders-admin? 304  - 61.583 ms 



============= 2024-06-02T15:14:43.768Z GET /product/get-product?pageNum=1&pageSize=5 304  - 70.867 ms 



============= 2024-06-02T15:15:49.627Z GET /customer/get-customer 304  - 85.620 ms 



============= 2024-06-02T15:15:49.631Z GET /order/get-orders-admin? 304  - 88.367 ms 



============= 2024-06-02T15:15:49.633Z GET /product/get-product?pageNum=1&pageSize=5 304  - 95.900 ms 



============= 2024-06-02T15:15:58.460Z GET /product/get-product?pageNum=1&pageSize=5 304  - 52.996 ms 



============= 2024-06-02T15:15:58.463Z GET /order/get-orders-admin? 304  - 52.735 ms 



============= 2024-06-02T15:15:58.563Z GET /customer/get-customer 304  - 154.970 ms 



============= 2024-06-02T15:22:13.554Z GET /customer/get-customer 304  - 104.943 ms 



============= 2024-06-02T15:22:13.564Z GET /order/get-orders-admin? 200 104 - 110.384 ms 



============= 2024-06-02T15:22:13.565Z GET /product/get-product?pageNum=1&pageSize=5 304  - 118.732 ms 



============= 2024-06-02T15:22:13.640Z GET /order/get-orders-admin? 200 59 - 57.788 ms 



============= 2024-06-02T15:22:13.640Z GET /product/get-product?pageNum=1&pageSize=5 200 52 - 61.186 ms 



============= 2024-06-02T15:22:13.641Z GET /customer/get-customer 304  - 84.888 ms 



============= 2024-06-02T15:22:13.727Z GET /customer/get-customer 304  - 82.022 ms 



============= 2024-06-02T15:22:13.738Z GET /product/get-product?pageNum=1&pageSize=5 304  - 94.585 ms 



============= 2024-06-02T15:22:13.740Z GET /order/get-orders-admin? 200 1876 - 97.077 ms 



============= 2024-06-02T15:22:13.803Z GET /product/get-product?pageNum=1&pageSize=5 200 3345 - 60.996 ms 



============= 2024-06-02T15:22:13.804Z GET /order/get-orders-admin? 304  - 61.796 ms 



============= 2024-06-02T15:22:13.907Z GET /customer/get-customer 304  - 176.832 ms 



============= 2024-06-02T15:22:23.676Z GET /customer/get-customer 304  - 71.851 ms 



============= 2024-06-02T15:22:23.684Z GET /order/get-orders-admin? 304  - 71.934 ms 



============= 2024-06-02T15:22:23.784Z GET /product/get-product?pageNum=1&pageSize=5 304  - 188.545 ms 



============= 2024-06-02T15:23:09.052Z GET /product/get-product?pageNum=1&pageSize=5 304  - 191.859 ms 



============= 2024-06-02T15:23:09.066Z GET /order/get-orders-admin? 304  - 188.188 ms 



============= 2024-06-02T15:23:09.068Z GET /customer/get-customer 304  - 195.543 ms 



============= 2024-06-02T15:23:13.998Z GET /product/get-product?pageNum=1&pageSize=5 304  - 54.846 ms 



============= 2024-06-02T15:23:14.001Z GET /customer/get-customer 304  - 50.497 ms 



============= 2024-06-02T15:23:14.002Z GET /order/get-orders-admin? 304  - 50.111 ms 



============= 2024-06-02T15:25:03.573Z GET /customer/get-customer 304  - 52.969 ms 



============= 2024-06-02T15:25:03.581Z GET /order/get-orders-admin? 304  - 56.373 ms 



============= 2024-06-02T15:25:03.582Z GET /product/get-product?pageNum=1&pageSize=5 304  - 66.232 ms 



============= 2024-06-02T15:25:36.677Z GET /product/get-product?pageNum=1&pageSize=5 304  - 72.698 ms 



============= 2024-06-02T15:25:36.683Z GET /order/get-orders-admin? 304  - 70.385 ms 



============= 2024-06-02T15:25:36.685Z GET /customer/get-customer 304  - 75.373 ms 



============= 2024-06-02T15:26:00.175Z GET /order/get-orders-admin? 304  - 64.275 ms 



============= 2024-06-02T15:26:00.178Z GET /product/get-product?pageNum=1&pageSize=5 304  - 76.637 ms 



============= 2024-06-02T15:26:00.180Z GET /customer/get-customer 304  - 72.950 ms 



============= 2024-06-02T15:26:06.764Z GET /customer/get-customer 304  - 81.993 ms 



============= 2024-06-02T15:26:06.769Z GET /order/get-orders-admin? 304  - 84.822 ms 



============= 2024-06-02T15:26:06.771Z GET /product/get-product?pageNum=1&pageSize=5 304  - 94.092 ms 



============= 2024-06-02T15:26:26.035Z GET /order/get-orders-admin? 304  - 74.993 ms 



============= 2024-06-02T15:26:26.037Z GET /customer/get-customer 304  - 79.717 ms 



============= 2024-06-02T15:26:26.039Z GET /product/get-product?pageNum=1&pageSize=5 304  - 87.998 ms 



============= 2024-06-02T15:27:10.768Z GET /customer/get-customer 304  - 80.540 ms 



============= 2024-06-02T15:27:10.774Z GET /order/get-orders-admin? 304  - 81.950 ms 



============= 2024-06-02T15:27:10.775Z GET /product/get-product?pageNum=1&pageSize=5 304  - 93.081 ms 



============= 2024-06-02T15:28:34.331Z GET /customer/get-customer 304  - 97.401 ms 



============= 2024-06-02T15:28:34.339Z GET /order/get-orders-admin? 304  - 101.502 ms 



============= 2024-06-02T15:28:34.354Z GET /report/get-report?fromdate=2024-06-02&todate=2024-06-02&type=1 200 1252 - 111.908 ms 



============= 2024-06-02T15:28:34.355Z GET /product/get-product?pageNum=1&pageSize=5 304  - 127.279 ms 



============= 2024-06-02T15:28:57.786Z GET /product/get-product?pageNum=1&pageSize=5 304  - 82.253 ms 



============= 2024-06-02T15:28:57.795Z GET /order/get-orders-admin? 304  - 81.608 ms 



============= 2024-06-02T15:28:57.810Z GET /report/get-report?fromdate=2024-06-02&todate=2024-06-02&type=1 304  - 93.285 ms 



============= 2024-06-02T15:28:57.811Z GET /customer/get-customer 304  - 101.981 ms 



============= 2024-06-02T15:29:35.446Z GET /product/get-product?pageNum=1&pageSize=5 304  - 105.132 ms 



============= 2024-06-02T15:29:35.451Z GET /order/get-orders-admin? 304  - 86.358 ms 



============= 2024-06-02T15:29:35.464Z GET /report/get-report?fromdate=2024-06-02&todate=2024-06-02&type=1 304  - 89.460 ms 



============= 2024-06-02T15:29:35.465Z GET /customer/get-customer 304  - 107.405 ms 



============= 2024-06-02T15:31:07.394Z GET /customer/get-customer 304  - 67.506 ms 



============= 2024-06-02T15:31:07.406Z GET /report/get-report?fromdate=2024-06-02&todate=2024-06-02&type=1 304  - 73.598 ms 



============= 2024-06-02T15:31:07.408Z GET /order/get-orders-admin? 304  - 78.389 ms 



============= 2024-06-02T15:31:07.409Z GET /product/get-product?pageNum=1&pageSize=5 304  - 89.420 ms 



============= 2024-06-02T15:31:21.062Z GET /order/get-orders-admin? 304  - 65.865 ms 



============= 2024-06-02T15:31:21.064Z GET /customer/get-customer 304  - 70.281 ms 



============= 2024-06-02T15:31:21.075Z GET /report/get-report?fromdate=2024-06-02&todate=2024-06-02&type=1 304  - 72.849 ms 



============= 2024-06-02T15:31:21.077Z GET /product/get-product?pageNum=1&pageSize=5 304  - 91.244 ms 



============= 2024-06-02T15:31:33.335Z GET /customer/get-customer 304  - 64.032 ms 



============= 2024-06-02T15:31:33.338Z GET /order/get-orders-admin? 304  - 62.621 ms 



============= 2024-06-02T15:31:33.355Z GET /report/get-report?fromdate=2024-06-02&todate=2024-06-02&type=1 304  - 78.036 ms 



============= 2024-06-02T15:31:33.357Z GET /product/get-product?pageNum=1&pageSize=5 304  - 90.935 ms 



============= 2024-06-02T15:31:38.247Z GET /customer/get-customer 304  - 88.679 ms 



============= 2024-06-02T15:31:38.252Z GET /order/get-orders-admin? 304  - 91.549 ms 



============= 2024-06-02T15:31:38.284Z GET /report/get-report?fromdate=2024-06-02&todate=2024-06-02&type=1 304  - 120.750 ms 



============= 2024-06-02T15:31:38.286Z GET /product/get-product?pageNum=1&pageSize=5 304  - 128.585 ms 



============= 2024-06-02T15:31:48.116Z GET /product/get-product?pageNum=1&pageSize=5 304  - 83.762 ms 



============= 2024-06-02T15:31:48.124Z GET /report/get-report?fromdate=2024-06-02&todate=2024-06-02&type=1 304  - 77.369 ms 



============= 2024-06-02T15:31:48.127Z GET /order/get-orders-admin? 304  - 81.181 ms 



============= 2024-06-02T15:31:48.128Z GET /customer/get-customer 304  - 87.855 ms 



============= 2024-06-02T15:31:56.623Z GET /product/get-product?pageNum=1&pageSize=5 304  - 75.184 ms 



============= 2024-06-02T15:31:56.624Z GET /customer/get-customer 304  - 69.956 ms 



============= 2024-06-02T15:31:56.636Z GET /report/get-report?fromdate=2024-06-02&todate=2024-06-02&type=1 304  - 78.238 ms 



============= 2024-06-02T15:31:56.639Z GET /order/get-orders-admin? 304  - 82.727 ms 



============= 2024-06-02T15:32:13.398Z GET /customer/get-customer 304  - 63.880 ms 



============= 2024-06-02T15:32:13.401Z GET /product/get-product?pageNum=1&pageSize=5 304  - 72.036 ms 



============= 2024-06-02T15:32:13.407Z GET /order/get-orders-admin? 304  - 70.569 ms 



============= 2024-06-02T15:32:13.417Z GET /report/get-report?fromdate=2024-06-02&todate=2024-06-02&type=1 304  - 78.484 ms 



============= 2024-06-02T15:32:27.054Z GET /report/get-report?fromdate=2024-06-02&todate=2024-06-02&type=1 304  - 57.697 ms 



============= 2024-06-02T15:32:27.056Z GET /product/get-product?pageNum=1&pageSize=5 304  - 72.215 ms 



============= 2024-06-02T15:32:27.058Z GET /customer/get-customer 304  - 65.058 ms 



============= 2024-06-02T15:32:27.060Z GET /order/get-orders-admin? 304  - 65.623 ms 



============= 2024-06-02T15:32:33.946Z GET /customer/get-customer 304  - 64.072 ms 



============= 2024-06-02T15:32:33.958Z GET /report/get-report?fromdate=2024-06-02&todate=2024-06-02&type=1 304  - 69.747 ms 



============= 2024-06-02T15:32:33.961Z GET /product/get-product?pageNum=1&pageSize=5 304  - 84.120 ms 



============= 2024-06-02T15:32:33.965Z GET /order/get-orders-admin? 304  - 77.685 ms 



============= 2024-06-02T15:32:44.641Z GET /report/get-report?fromdate=2024-06-02&todate=2024-06-02&type=1 304  - 71.510 ms 



============= 2024-06-02T15:32:44.643Z GET /customer/get-customer 304  - 77.742 ms 



============= 2024-06-02T15:32:44.645Z GET /order/get-orders-admin? 304  - 77.130 ms 



============= 2024-06-02T15:32:44.646Z GET /product/get-product?pageNum=1&pageSize=5 304  - 89.688 ms 



============= 2024-06-02T15:32:55.724Z GET /order/get-orders-admin? 304  - 74.176 ms 



============= 2024-06-02T15:32:55.726Z GET /product/get-product?pageNum=1&pageSize=5 304  - 85.972 ms 



============= 2024-06-02T15:32:55.737Z GET /report/get-report?fromdate=2024-06-02&todate=2024-06-02&type=1 304  - 84.468 ms 



============= 2024-06-02T15:32:55.740Z GET /customer/get-customer 304  - 92.700 ms 



============= 2024-06-02T15:33:04.988Z GET /order/get-orders-admin? 304  - 55.910 ms 



============= 2024-06-02T15:33:04.989Z GET /product/get-product?pageNum=1&pageSize=5 304  - 67.201 ms 



============= 2024-06-02T15:33:05.000Z GET /report/get-report?fromdate=2024-06-02&todate=2024-06-02&type=1 304  - 66.516 ms 



============= 2024-06-02T15:33:05.002Z GET /customer/get-customer 304  - 74.044 ms 



============= 2024-06-02T15:33:12.024Z GET /product/get-product?pageNum=1&pageSize=5 304  - 71.228 ms 



============= 2024-06-02T15:33:12.026Z GET /order/get-orders-admin? 304  - 62.163 ms 



============= 2024-06-02T15:33:12.037Z GET /report/get-report?fromdate=2024-06-02&todate=2024-06-02&type=1 304  - 72.099 ms 



============= 2024-06-02T15:33:12.132Z GET /customer/get-customer 304  - 173.667 ms 



============= 2024-06-02T15:33:22.860Z GET /report/get-report?fromdate=2024-06-02&todate=2024-06-02&type=1 304  - 63.972 ms 



============= 2024-06-02T15:33:22.861Z GET /customer/get-customer 304  - 69.880 ms 



============= 2024-06-02T15:33:22.863Z GET /order/get-orders-admin? 304  - 68.702 ms 



============= 2024-06-02T15:33:22.864Z GET /product/get-product?pageNum=1&pageSize=5 304  - 77.876 ms 



============= 2024-06-02T15:33:44.987Z GET /product/get-product?pageNum=1&pageSize=5 304  - 105.432 ms 



============= 2024-06-02T15:33:44.999Z GET /report/get-report?fromdate=2024-06-02&todate=2024-06-02&type=1 304  - 78.307 ms 



============= 2024-06-02T15:33:45.003Z GET /order/get-orders-admin? 304  - 84.189 ms 



============= 2024-06-02T15:33:45.005Z GET /customer/get-customer 304  - 93.363 ms 



============= 2024-06-02T15:34:03.352Z GET /report/get-report?fromdate=2024-06-02&todate=2024-06-02&type=1 304  - 161.510 ms 



============= 2024-06-02T15:34:03.354Z GET /customer/get-customer 304  - 171.675 ms 



============= 2024-06-02T15:34:03.366Z GET /order/get-orders-admin? 304  - 179.112 ms 



============= 2024-06-02T15:34:03.367Z GET /product/get-product?pageNum=1&pageSize=5 304  - 193.826 ms 



============= 2024-06-02T15:34:06.869Z GET /order/get-orders-admin? 304  - 68.786 ms 



============= 2024-06-02T15:34:06.870Z GET /customer/get-customer 304  - 72.718 ms 



============= 2024-06-02T15:34:06.886Z GET /report/get-report?fromdate=2024-06-02&todate=2024-06-02&type=1 304  - 78.369 ms 



============= 2024-06-02T15:34:06.889Z GET /product/get-product?pageNum=1&pageSize=5 304  - 92.657 ms 



============= 2024-06-02T15:36:26.868Z GET /customer/get-customer 304  - 61.801 ms 



============= 2024-06-02T15:36:26.880Z GET /order/get-orders-admin? 304  - 70.632 ms 



============= 2024-06-02T15:36:26.895Z GET /report/get-report?fromdate=2024-06-02&todate=2024-06-02&type=1 200 1369 - 81.231 ms 



============= 2024-06-02T15:36:26.897Z GET /product/get-product?pageNum=1&pageSize=5 304  - 95.071 ms 



============= 2024-06-02T15:36:36.128Z GET /customer/get-customer 304  - 62.856 ms 



============= 2024-06-02T15:36:36.130Z GET /order/get-orders-admin? 304  - 62.631 ms 



============= 2024-06-02T15:36:36.147Z GET /report/get-report?fromdate=2024-06-02&todate=2024-06-02&type=1 304  - 71.353 ms 



============= 2024-06-02T15:36:36.148Z GET /product/get-product?pageNum=1&pageSize=5 304  - 89.733 ms 



============= 2024-06-02T15:36:58.800Z GET /customer/get-customer 304  - 68.959 ms 



============= 2024-06-02T15:36:58.802Z GET /order/get-orders-admin? 304  - 69.092 ms 



============= 2024-06-02T15:36:58.811Z GET /report/get-report?fromdate=2024-06-02&todate=2024-06-02&type=1 304  - 77.155 ms 



============= 2024-06-02T15:36:58.906Z GET /product/get-product?pageNum=1&pageSize=5 304  - 182.366 ms 



============= 2024-06-02T15:37:29.063Z GET /customer/get-customer 304  - 71.215 ms 



============= 2024-06-02T15:37:29.074Z GET /order/get-orders-admin? 304  - 80.143 ms 



============= 2024-06-02T15:37:29.087Z GET /report/get-report?fromdate=2024-06-02&todate=2024-06-02&type=1 304  - 90.903 ms 



============= 2024-06-02T15:37:29.088Z GET /product/get-product?pageNum=1&pageSize=5 304  - 101.198 ms 



============= 2024-06-02T15:37:46.731Z GET /customer/get-customer 304  - 91.306 ms 



============= 2024-06-02T15:37:46.735Z GET /order/get-orders-admin? 304  - 91.782 ms 



============= 2024-06-02T15:37:46.748Z GET /report/get-report?fromdate=2024-06-02&todate=2024-06-02&type=1 304  - 103.125 ms 



============= 2024-06-02T15:37:46.750Z GET /product/get-product?pageNum=1&pageSize=5 304  - 114.919 ms 



============= 2024-06-02T15:38:18.070Z GET /product/get-product?pageNum=1&pageSize=5 304  - 74.598 ms 



============= 2024-06-02T15:38:18.076Z GET /order/get-orders-admin? 304  - 73.711 ms 



============= 2024-06-02T15:38:18.090Z GET /report/get-report?fromdate=2024-06-02&todate=2024-06-02&type=1 304  - 85.747 ms 



============= 2024-06-02T15:38:18.091Z GET /customer/get-customer 304  - 91.302 ms 



============= 2024-06-02T15:38:30.402Z GET /product/get-product?pageNum=1&pageSize=5 304  - 64.642 ms 



============= 2024-06-02T15:38:30.410Z GET /report/get-report?fromdate=2024-06-02&todate=2024-06-02&type=1 304  - 54.632 ms 



============= 2024-06-02T15:38:30.412Z GET /customer/get-customer 304  - 60.793 ms 



============= 2024-06-02T15:38:30.413Z GET /order/get-orders-admin? 304  - 59.444 ms 



============= 2024-06-02T15:38:37.651Z GET /report/get-report?fromdate=2024-06-02&todate=2024-06-02&type=1 304  - 59.587 ms 



============= 2024-06-02T15:38:37.652Z GET /product/get-product?pageNum=1&pageSize=5 304  - 71.937 ms 



============= 2024-06-02T15:38:37.654Z GET /customer/get-customer 304  - 66.899 ms 



============= 2024-06-02T15:38:37.656Z GET /order/get-orders-admin? 304  - 67.078 ms 



============= 2024-06-02T15:39:25.546Z GET /customer/get-customer 304  - 124.288 ms 



============= 2024-06-02T15:39:25.563Z GET /order/get-orders-admin? 304  - 136.397 ms 



============= 2024-06-02T15:39:25.576Z GET /report/get-report?fromdate=2024-06-02&todate=2024-06-02&type=1 304  - 145.975 ms 



============= 2024-06-02T15:39:25.578Z GET /product/get-product?pageNum=1&pageSize=5 304  - 160.647 ms 



============= 2024-06-02T15:39:35.508Z GET /customer/get-customer 304  - 113.734 ms 



============= 2024-06-02T15:39:35.512Z GET /order/get-orders-admin? 304  - 116.087 ms 



============= 2024-06-02T15:39:35.540Z GET /report/get-report?fromdate=2024-06-02&todate=2024-06-02&type=1 304  - 138.246 ms 



============= 2024-06-02T15:39:35.619Z GET /product/get-product?pageNum=1&pageSize=5 304  - 230.409 ms 



============= 2024-06-02T15:39:46.660Z GET /customer/get-customer 304  - 66.046 ms 



============= 2024-06-02T15:39:46.662Z GET /order/get-orders-admin? 304  - 62.980 ms 



============= 2024-06-02T15:39:46.672Z GET /report/get-report?fromdate=2024-06-02&todate=2024-06-02&type=1 304  - 70.400 ms 



============= 2024-06-02T15:39:46.673Z GET /product/get-product?pageNum=1&pageSize=5 304  - 84.304 ms 



============= 2024-06-02T15:40:23.016Z GET /customer/get-customer 304  - 77.661 ms 



============= 2024-06-02T15:40:23.021Z GET /order/get-orders-admin? 304  - 81.608 ms 



============= 2024-06-02T15:40:23.032Z GET /report/get-report?fromdate=2024-06-02&todate=2024-06-02&type=1 304  - 90.228 ms 



============= 2024-06-02T15:40:23.033Z GET /product/get-product?pageNum=1&pageSize=5 304  - 101.501 ms 



============= 2024-06-02T15:41:12.727Z GET /customer/get-customer 304  - 79.946 ms 



============= 2024-06-02T15:41:12.733Z GET /order/get-orders-admin? 304  - 81.361 ms 



============= 2024-06-02T15:41:12.744Z GET /report/get-report?fromdate=2024-06-02&todate=2024-06-02&type=1 304  - 89.577 ms 



============= 2024-06-02T15:41:12.747Z GET /product/get-product?pageNum=1&pageSize=5 304  - 103.688 ms 



============= 2024-06-02T15:41:34.464Z GET /customer/get-customer 304  - 67.525 ms 



============= 2024-06-02T15:41:34.469Z GET /order/get-orders-admin? 304  - 69.639 ms 



============= 2024-06-02T15:41:34.485Z GET /report/get-report?fromdate=2024-06-02&todate=2024-06-02&type=1 304  - 81.632 ms 



============= 2024-06-02T15:41:34.486Z GET /product/get-product?pageNum=1&pageSize=5 304  - 96.334 ms 



============= 2024-06-02T15:42:39.096Z GET /report/get-report?fromdate=2024-06-02&todate=2024-06-02&type=1 304  - 109.564 ms 



============= 2024-06-02T15:42:39.097Z GET /customer/get-customer 304  - 121.555 ms 



============= 2024-06-02T15:42:39.100Z GET /order/get-orders-admin? 304  - 118.988 ms 



============= 2024-06-02T15:42:39.101Z GET /product/get-product?pageNum=1&pageSize=5 304  - 137.808 ms 



============= 2024-06-02T15:43:14.883Z GET /report/get-report?fromdate=2024-06-02&todate=2024-06-02&type=1 304  - 78.284 ms 



============= 2024-06-02T15:43:14.885Z GET /customer/get-customer 304  - 84.629 ms 



============= 2024-06-02T15:43:14.888Z GET /order/get-orders-admin? 304  - 84.365 ms 



============= 2024-06-02T15:43:14.889Z GET /product/get-product?pageNum=1&pageSize=5 304  - 93.690 ms 



============= 2024-06-02T15:46:12.457Z GET /report/get-report?fromdate=2024-06-02&todate=2024-06-02&type=1 304  - 72.305 ms 



============= 2024-06-02T15:46:12.458Z GET /customer/get-customer 304  - 78.790 ms 



============= 2024-06-02T15:46:12.460Z GET /order/get-orders-admin? 304  - 77.869 ms 



============= 2024-06-02T15:46:12.462Z GET /product/get-product?pageNum=1&pageSize=5 304  - 92.341 ms 



============= 2024-06-02T15:52:47.032Z GET /report/get-report?fromdate=2024-06-02&todate=2024-06-02&type=1 304  - 113.171 ms 



============= 2024-06-02T15:52:47.034Z GET /product/get-product?pageNum=1&pageSize=5 304  - 125.236 ms 



============= 2024-06-02T15:52:47.037Z GET /order/get-orders-admin? 304  - 119.798 ms 



============= 2024-06-02T15:52:47.039Z GET /customer/get-customer 304  - 124.330 ms 



============= 2024-06-02T15:53:19.993Z GET /report/get-report?fromdate=2024-06-02&todate=2024-06-02&type=1 304  - 100.817 ms 



============= 2024-06-02T15:53:19.996Z GET /customer/get-customer 304  - 109.043 ms 



============= 2024-06-02T15:53:19.999Z GET /order/get-orders-admin? 304  - 109.234 ms 



============= 2024-06-02T15:53:20.002Z GET /product/get-product?pageNum=1&pageSize=5 304  - 119.022 ms 



============= 2024-06-02T15:54:06.026Z GET /customer/get-customer 304  - 89.286 ms 



============= 2024-06-02T15:54:06.038Z GET /report/get-report?fromdate=2024-06-02&todate=2024-06-02&type=1 304  - 97.229 ms 



============= 2024-06-02T15:54:06.042Z GET /order/get-orders-admin? 304  - 102.041 ms 



============= 2024-06-02T15:54:06.043Z GET /product/get-product?pageNum=1&pageSize=5 304  - 111.759 ms 



============= 2024-06-02T15:56:39.976Z GET /report/get-report?fromdate=2024-06-02&todate=2024-06-02&type=0 200 1516 - 50.791 ms 



============= 2024-06-02T15:56:43.146Z GET /product/get-product?pageNum=1&pageSize=5 304  - 86.404 ms 



============= 2024-06-02T15:56:43.148Z GET /order/get-orders-admin? 304  - 75.532 ms 



============= 2024-06-02T15:56:43.150Z GET /customer/get-customer 304  - 79.344 ms 



============= 2024-06-02T15:56:43.162Z GET /report/get-report?fromdate=2024-06-02&todate=2024-06-02&type=1 304  - 88.353 ms 



============= 2024-06-02T15:57:17.348Z GET /customer/get-customer 304  - 111.224 ms 



============= 2024-06-02T15:57:17.357Z GET /report/get-report?fromdate=2024-06-02&todate=2024-06-02&type=1 304  - 117.104 ms 



============= 2024-06-02T15:57:17.359Z GET /order/get-orders-admin? 304  - 120.241 ms 



============= 2024-06-02T15:57:17.362Z GET /product/get-product?pageNum=1&pageSize=5 304  - 136.534 ms 



============= 2024-06-02T15:57:20.635Z GET /report/get-report?fromdate=2024-06-02&todate=2024-06-02&type=0 304  - 37.544 ms 



============= 2024-06-02T15:57:29.214Z GET /report/get-report?fromdate=2024-06-02&todate=2024-06-02&type=1 304  - 38.892 ms 



============= 2024-06-02T15:58:23.061Z GET /customer/get-customer 304  - 80.248 ms 



============= 2024-06-02T15:58:23.072Z GET /report/get-report?fromdate=2024-06-02&todate=2024-06-02&type=1 304  - 80.505 ms 



============= 2024-06-02T15:58:23.074Z GET /order/get-orders-admin? 304  - 89.167 ms 



============= 2024-06-02T15:58:23.075Z GET /product/get-product?pageNum=1&pageSize=5 304  - 100.357 ms 



============= 2024-06-02T15:58:27.641Z GET /report/get-report?fromdate=2024-06-02&todate=2024-06-02&type=0 304  - 40.765 ms 



============= 2024-06-02T16:00:21.925Z GET /customer/get-customer 304  - 103.448 ms 



============= 2024-06-02T16:00:21.937Z GET /product/get-product?pageNum=1&pageSize=5 304  - 126.751 ms 



============= 2024-06-02T16:00:21.947Z GET /order/get-orders-admin? 304  - 130.478 ms 



============= 2024-06-02T16:00:21.958Z GET /report/get-report?fromdate=2024-06-02&todate=2024-06-02&type=0 304  - 133.876 ms 



============= 2024-06-02T16:00:30.200Z GET /report/get-report?fromdate=2024-06-02&todate=2024-06-02&type=0 304  - 41.738 ms 



============= 2024-06-02T16:01:42.964Z GET /report/get-report?fromdate=2024-06-02&todate=2024-06-02&type=0 304  - 101.835 ms 



============= 2024-06-02T16:01:42.966Z GET /customer/get-customer 304  - 110.215 ms 



============= 2024-06-02T16:01:42.969Z GET /order/get-orders-admin? 304  - 107.681 ms 



============= 2024-06-02T16:01:42.970Z GET /product/get-product?pageNum=1&pageSize=5 304  - 117.884 ms 



============= 2024-06-02T16:01:45.238Z GET /report/get-report?fromdate=2024-06-02&todate=2024-06-02&type=0 304  - 43.322 ms 



============= 2024-06-02T16:02:34.283Z GET /customer/get-customer 304  - 73.087 ms 



============= 2024-06-02T16:02:34.285Z GET /product/get-product?pageNum=1&pageSize=5 304  - 82.685 ms 



============= 2024-06-02T16:02:34.293Z GET /order/get-orders-admin? 304  - 77.717 ms 



============= 2024-06-02T16:02:34.307Z GET /report/get-report?fromdate=2024-06-02&todate=2024-06-02&type=0 304  - 95.289 ms 



============= 2024-06-02T16:03:06.980Z GET /customer/get-customer 304  - 132.935 ms 



============= 2024-06-02T16:03:06.991Z GET /report/get-report?fromdate=2024-06-02&todate=2024-06-02&type=1 304  - 140.108 ms 



============= 2024-06-02T16:03:07.041Z GET /order/get-orders-admin? 304  - 191.135 ms 



============= 2024-06-02T16:03:07.067Z GET /product/get-product?pageNum=1&pageSize=5 304  - 225.625 ms 



============= 2024-06-02T16:04:01.095Z GET /order/get-orders-admin? 304  - 50.525 ms 



============= 2024-06-02T16:04:06.405Z GET /report/get-report?fromdate=2024-06-02&todate=2024-06-02&type=1 304  - 79.070 ms 



============= 2024-06-02T16:04:06.407Z GET /customer/get-customer 304  - 101.746 ms 



============= 2024-06-02T16:04:06.408Z GET /order/get-orders-admin? 304  - 95.084 ms 



============= 2024-06-02T16:04:06.498Z GET /product/get-product?pageNum=1&pageSize=5 304  - 204.985 ms 



============= 2024-06-02T16:04:37.280Z GET /product/get-product?pageNum=1&pageSize=5 304  - 69.158 ms 



============= 2024-06-02T16:04:37.282Z GET /customer/get-customer 304  - 65.784 ms 



============= 2024-06-02T16:04:37.284Z GET /order/get-orders-admin? 304  - 64.989 ms 



============= 2024-06-02T16:04:37.294Z GET /report/get-report?fromdate=2024-06-02&todate=2024-06-02&type=1 304  - 72.557 ms 



============= 2024-06-02T16:05:38.076Z GET /customer/get-customer 304  - 82.188 ms 



============= 2024-06-02T16:05:38.088Z GET /report/get-report?fromdate=2024-06-02&todate=2024-06-02&type=1 304  - 85.623 ms 



============= 2024-06-02T16:05:38.090Z GET /order/get-orders-admin? 304  - 91.016 ms 



============= 2024-06-02T16:05:38.092Z GET /product/get-product?pageNum=1&pageSize=5 304  - 103.703 ms 



============= 2024-06-02T16:05:50.649Z GET /report/get-report?fromdate=2024-06-02&todate=2024-06-02&type=0 304  - 47.790 ms 



============= 2024-06-02T16:07:05.009Z GET /customer/get-customer 304  - 124.805 ms 



============= 2024-06-02T16:07:05.010Z GET /product/get-product?pageNum=1&pageSize=5 304  - 134.841 ms 



============= 2024-06-02T16:07:05.017Z GET /order/get-orders-admin? 304  - 126.718 ms 



============= 2024-06-02T16:07:05.026Z GET /report/get-report?fromdate=Sun+Jun+02+2024+23%3A07%3A03+GMT%2B0700+%28Gi%E1%BB%9D+%C4%90%C3%B4ng+D%C6%B0%C6%A1ng%29&todate=Sun+Jun+02+2024+23%3A07%3A03+GMT%2B0700+%28Gi%E1%BB%9D+%C4%90%C3%B4ng+D%C6%B0%C6%A1ng%29&type=1 200 1369 - 139.728 ms 



============= 2024-06-02T16:07:29.739Z GET /report/get-report?fromdate=Sun+Jun+02+2024+23%3A07%3A28+GMT%2B0700+%28Gi%E1%BB%9D+%C4%90%C3%B4ng+D%C6%B0%C6%A1ng%29&todate=Sun+Jun+02+2024+23%3A07%3A28+GMT%2B0700+%28Gi%E1%BB%9D+%C4%90%C3%B4ng+D%C6%B0%C6%A1ng%29&type=1 200 1369 - 117.098 ms 



============= 2024-06-02T16:07:29.765Z GET /customer/get-customer 304  - 150.006 ms 



============= 2024-06-02T16:07:29.771Z GET /order/get-orders-admin? 304  - 146.387 ms 



============= 2024-06-02T16:07:29.830Z GET /product/get-product?pageNum=1&pageSize=5 304  - 220.106 ms 



============= 2024-06-02T16:08:20.961Z GET /report/get-report?fromdate=2024-06-05&todate=2024-06-01&type=0 200 277 - 84.970 ms 



============= 2024-06-02T16:08:20.963Z GET /customer/get-customer 304  - 95.879 ms 



============= 2024-06-02T16:08:20.976Z GET /order/get-orders-admin? 304  - 102.759 ms 



============= 2024-06-02T16:08:20.978Z GET /product/get-product?pageNum=1&pageSize=5 304  - 118.051 ms 



============= 2024-06-02T16:08:29.016Z GET /report/get-report?fromdate=2024-06-05&todate=2024-06-01&type=0 304  - 36.293 ms 



============= 2024-06-02T16:10:53.604Z GET /report/get-report?fromdate=2024-06-01&todate=2024-06-06&type=0 200 1516 - 61.253 ms 



============= 2024-06-02T16:13:24.069Z GET /customer/get-customer 304  - 84.242 ms 



============= 2024-06-02T16:13:24.076Z GET /order/get-orders-admin? 304  - 86.300 ms 



============= 2024-06-02T16:13:24.091Z GET /report/get-report?fromdate=Sun+Jun+02+2024+23%3A13%3A22+GMT%2B0700+%28Gi%E1%BB%9D+%C4%90%C3%B4ng+D%C6%B0%C6%A1ng%29&todate=Sun+Jun+02+2024+23%3A13%3A22+GMT%2B0700+%28Gi%E1%BB%9D+%C4%90%C3%B4ng+D%C6%B0%C6%A1ng%29&type=1 200 1369 - 103.533 ms 



============= 2024-06-02T16:13:24.093Z GET /product/get-product?pageNum=1&pageSize=5 304  - 114.349 ms 



============= 2024-06-02T16:25:19.999Z GET /customer/get-customer 304  - 56.259 ms 



============= 2024-06-02T16:25:20.004Z GET /order/get-orders-admin? 304  - 58.068 ms 



============= 2024-06-02T16:25:20.016Z GET /report/get-report?fromdate=Sun+Jun+02+2024+23%3A25%3A17+GMT%2B0700+%28Gi%E1%BB%9D+%C4%90%C3%B4ng+D%C6%B0%C6%A1ng%29&todate=Sun+Jun+02+2024+23%3A25%3A17+GMT%2B0700+%28Gi%E1%BB%9D+%C4%90%C3%B4ng+D%C6%B0%C6%A1ng%29&type=1 200 1369 - 74.944 ms 



============= 2024-06-02T16:25:20.017Z GET /product/get-product?pageNum=1&pageSize=5 304  - 80.500 ms 



============= 2024-06-02T16:26:59.867Z GET /customer/get-customer 304  - 72.769 ms 



============= 2024-06-02T16:26:59.870Z GET /order/get-orders-admin? 304  - 69.638 ms 



============= 2024-06-02T16:26:59.889Z GET /report/get-report?fromdate=Sun+Jun+02+2024+23%3A26%3A58+GMT%2B0700+%28Gi%E1%BB%9D+%C4%90%C3%B4ng+D%C6%B0%C6%A1ng%29&todate=Sun+Jun+02+2024+23%3A26%3A58+GMT%2B0700+%28Gi%E1%BB%9D+%C4%90%C3%B4ng+D%C6%B0%C6%A1ng%29&type=1 200 1369 - 91.430 ms 



============= 2024-06-02T16:26:59.891Z GET /product/get-product?pageNum=1&pageSize=5 304  - 100.460 ms 



